0 verbose cli /usr/bin/node /usr/bin/npm
1 info using npm@10.8.2
2 info using node@v20.17.0
3 silly config load:file:/usr/lib/node_modules/npm/npmrc
4 silly config load:file:/root/.npmrc
5 silly config load:file:/usr/etc/npmrc
6 verbose title npm i rivalz-node-cli@2.6.1
7 verbose argv "i" "--global" "rivalz-node-cli@2.6.1"
8 verbose logfile logs-max:10 dir:/root/.npm/_logs/2024-08-24T03_08_33_252Z-
9 verbose logfile /root/.npm/_logs/2024-08-24T03_08_33_252Z-debug-0.log
10 silly packumentCache heap:4345298944 maxSize:1086324736 maxEntrySize:543162368
11 silly logfile done cleaning log files
12 silly idealTree buildDeps
13 silly fetch manifest rivalz-node-cli@2.6.1
14 silly packumentCache full:https://registry.npmjs.org/rivalz-node-cli cache-miss
15 http fetch GET 200 https://registry.npmjs.org/rivalz-node-cli 12ms (cache hit)
16 silly packumentCache full:https://registry.npmjs.org/rivalz-node-cli set size:146566 disposed:false
17 silly placeDep ROOT rivalz-node-cli@2.6.1 OK for:  want: 2.6.1
18 silly fetch manifest ora@^5.4.1
19 silly packumentCache full:https://registry.npmjs.org/ora cache-miss
20 silly fetch manifest mqtt@^5.8.1
21 silly packumentCache full:https://registry.npmjs.org/mqtt cache-miss
22 silly fetch manifest axios@^1.7.2
23 silly packumentCache full:https://registry.npmjs.org/axios cache-miss
24 http fetch GET 200 https://registry.npmjs.org/ora 7ms (cache hit)
25 silly packumentCache full:https://registry.npmjs.org/ora set size:124679 disposed:false
26 silly fetch manifest chalk@^4.1.2
27 silly packumentCache full:https://registry.npmjs.org/chalk cache-miss
28 http fetch GET 200 https://registry.npmjs.org/axios 10ms (cache hit)
29 silly packumentCache full:https://registry.npmjs.org/axios set size:568605 disposed:false
30 silly fetch manifest ethers@^6.13.1
31 silly packumentCache full:https://registry.npmjs.org/ethers cache-miss
32 http fetch GET 200 https://registry.npmjs.org/mqtt 18ms (cache hit)
33 silly packumentCache full:https://registry.npmjs.org/mqtt set size:728325 disposed:false
34 silly fetch manifest cheerio@^1.0.0-rc.12
35 silly packumentCache full:https://registry.npmjs.org/cheerio cache-miss
36 http fetch GET 200 https://registry.npmjs.org/chalk 56ms (cache hit)
37 silly packumentCache full:https://registry.npmjs.org/chalk set size:141429 disposed:false
38 silly fetch manifest inquirer@^10.1.2
39 silly packumentCache full:https://registry.npmjs.org/inquirer cache-miss
40 http fetch GET 200 https://registry.npmjs.org/ethers 54ms (cache hit)
41 silly packumentCache full:https://registry.npmjs.org/ethers set size:1309679 disposed:false
42 silly fetch manifest commander@^12.1.0
43 silly packumentCache full:https://registry.npmjs.org/commander cache-miss
44 http fetch GET 200 https://registry.npmjs.org/inquirer 17ms (cache hit)
45 silly packumentCache full:https://registry.npmjs.org/inquirer set size:431697 disposed:false
46 silly fetch manifest node-machine-id@^1.1.12
47 silly packumentCache full:https://registry.npmjs.org/node-machine-id cache-miss
48 http fetch GET 200 https://registry.npmjs.org/commander 13ms (cache hit)
49 silly packumentCache full:https://registry.npmjs.org/commander set size:942287 disposed:false
50 silly fetch manifest systeminformation@^5.22.11
51 silly packumentCache full:https://registry.npmjs.org/systeminformation cache-miss
52 http fetch GET 200 https://registry.npmjs.org/node-machine-id 16ms (cache hit)
53 silly packumentCache full:https://registry.npmjs.org/node-machine-id set size:39325 disposed:false
54 http fetch GET 200 https://registry.npmjs.org/systeminformation 11ms (cache hit)
55 silly packumentCache full:https://registry.npmjs.org/systeminformation set size:2085192 disposed:false
56 http fetch GET 200 https://registry.npmjs.org/cheerio 170ms (cache miss)
57 silly packumentCache full:https://registry.npmjs.org/cheerio set size:undefined disposed:false
58 silly placeDep node_modules/rivalz-node-cli axios@1.7.5 OK for: rivalz-node-cli@2.6.1 want: ^1.7.2
59 silly placeDep node_modules/rivalz-node-cli chalk@4.1.2 OK for: rivalz-node-cli@2.6.1 want: ^4.1.2
60 silly placeDep node_modules/rivalz-node-cli cheerio@1.0.0 OK for: rivalz-node-cli@2.6.1 want: ^1.0.0-rc.12
61 silly placeDep node_modules/rivalz-node-cli commander@12.1.0 OK for: rivalz-node-cli@2.6.1 want: ^12.1.0
62 silly placeDep node_modules/rivalz-node-cli ethers@6.13.2 OK for: rivalz-node-cli@2.6.1 want: ^6.13.1
63 silly placeDep node_modules/rivalz-node-cli inquirer@10.1.8 OK for: rivalz-node-cli@2.6.1 want: ^10.1.2
64 silly placeDep node_modules/rivalz-node-cli mqtt@5.10.0 OK for: rivalz-node-cli@2.6.1 want: ^5.8.1
65 silly placeDep node_modules/rivalz-node-cli node-machine-id@1.1.12 OK for: rivalz-node-cli@2.6.1 want: ^1.1.12
66 silly placeDep node_modules/rivalz-node-cli ora@5.4.1 OK for: rivalz-node-cli@2.6.1 want: ^5.4.1
67 silly placeDep node_modules/rivalz-node-cli systeminformation@5.23.5 OK for: rivalz-node-cli@2.6.1 want: ^5.22.11
68 silly fetch manifest follow-redirects@^1.15.6
69 silly packumentCache full:https://registry.npmjs.org/follow-redirects cache-miss
70 silly fetch manifest form-data@^4.0.0
71 silly packumentCache full:https://registry.npmjs.org/form-data cache-miss
72 silly fetch manifest proxy-from-env@^1.1.0
73 silly packumentCache full:https://registry.npmjs.org/proxy-from-env cache-miss
74 http fetch GET 200 https://registry.npmjs.org/follow-redirects 5ms (cache hit)
75 silly packumentCache full:https://registry.npmjs.org/follow-redirects set size:176092 disposed:false
76 silly fetch manifest ansi-styles@^4.1.0
77 silly packumentCache full:https://registry.npmjs.org/ansi-styles cache-miss
78 http fetch GET 200 https://registry.npmjs.org/form-data 8ms (cache hit)
79 silly packumentCache full:https://registry.npmjs.org/form-data set size:117324 disposed:false
80 silly fetch manifest supports-color@^7.1.0
81 silly packumentCache full:https://registry.npmjs.org/supports-color cache-miss
82 http fetch GET 200 https://registry.npmjs.org/proxy-from-env 10ms (cache hit)
83 silly packumentCache full:https://registry.npmjs.org/proxy-from-env set size:15831 disposed:false
84 silly fetch manifest cheerio-select@^2.1.0
85 silly packumentCache full:https://registry.npmjs.org/cheerio-select cache-miss
86 http fetch GET 200 https://registry.npmjs.org/ansi-styles 9ms (cache hit)
87 silly packumentCache full:https://registry.npmjs.org/ansi-styles set size:66356 disposed:false
88 silly fetch manifest dom-serializer@^2.0.0
89 silly packumentCache full:https://registry.npmjs.org/dom-serializer cache-miss
90 http fetch GET 200 https://registry.npmjs.org/supports-color 8ms (cache hit)
91 silly packumentCache full:https://registry.npmjs.org/supports-color set size:113904 disposed:false
92 silly fetch manifest domhandler@^5.0.3
93 silly packumentCache full:https://registry.npmjs.org/domhandler cache-miss
94 http fetch GET 200 https://registry.npmjs.org/cheerio-select 44ms (cache miss)
95 silly packumentCache full:https://registry.npmjs.org/cheerio-select set size:undefined disposed:false
96 silly fetch manifest domutils@^3.1.0
97 silly packumentCache full:https://registry.npmjs.org/domutils cache-miss
98 http fetch GET 200 https://registry.npmjs.org/domutils 40ms (cache miss)
99 silly packumentCache full:https://registry.npmjs.org/domutils set size:undefined disposed:false
100 silly fetch manifest encoding-sniffer@^0.2.0
101 silly packumentCache full:https://registry.npmjs.org/encoding-sniffer cache-miss
102 http fetch GET 200 https://registry.npmjs.org/dom-serializer 85ms (cache miss)
103 silly packumentCache full:https://registry.npmjs.org/dom-serializer set size:undefined disposed:false
104 silly fetch manifest htmlparser2@^9.1.0
105 silly packumentCache full:https://registry.npmjs.org/htmlparser2 cache-miss
106 http fetch GET 200 https://registry.npmjs.org/domhandler 86ms (cache miss)
107 silly packumentCache full:https://registry.npmjs.org/domhandler set size:undefined disposed:false
108 silly fetch manifest parse5@^7.1.2
109 silly packumentCache full:https://registry.npmjs.org/parse5 cache-miss
110 http fetch GET 200 https://registry.npmjs.org/encoding-sniffer 43ms (cache miss)
111 silly packumentCache full:https://registry.npmjs.org/encoding-sniffer set size:undefined disposed:false
112 silly fetch manifest parse5-htmlparser2-tree-adapter@^7.0.0
113 silly packumentCache full:https://registry.npmjs.org/parse5-htmlparser2-tree-adapter cache-miss
114 http fetch GET 200 https://registry.npmjs.org/htmlparser2 47ms (cache miss)
115 silly packumentCache full:https://registry.npmjs.org/htmlparser2 set size:undefined disposed:false
116 silly fetch manifest parse5-parser-stream@^7.1.2
117 silly packumentCache full:https://registry.npmjs.org/parse5-parser-stream cache-miss
118 http fetch GET 200 https://registry.npmjs.org/parse5 47ms (cache miss)
119 silly packumentCache full:https://registry.npmjs.org/parse5 set size:undefined disposed:false
120 silly fetch manifest undici@^6.19.5
121 silly packumentCache full:https://registry.npmjs.org/undici cache-miss
122 http fetch GET 200 https://registry.npmjs.org/parse5-htmlparser2-tree-adapter 39ms (cache miss)
123 silly packumentCache full:https://registry.npmjs.org/parse5-htmlparser2-tree-adapter set size:undefined disposed:false
124 silly fetch manifest whatwg-mimetype@^4.0.0
125 silly packumentCache full:https://registry.npmjs.org/whatwg-mimetype cache-miss
126 http fetch GET 200 https://registry.npmjs.org/parse5-parser-stream 41ms (cache miss)
127 silly packumentCache full:https://registry.npmjs.org/parse5-parser-stream set size:undefined disposed:false
128 silly fetch manifest ws@8.17.1
129 silly packumentCache full:https://registry.npmjs.org/ws cache-miss
130 http fetch GET 200 https://registry.npmjs.org/ws 5ms (cache hit)
131 silly packumentCache full:https://registry.npmjs.org/ws set size:403597 disposed:false
132 silly fetch manifest tslib@2.4.0
133 silly packumentCache full:https://registry.npmjs.org/tslib cache-miss
134 http fetch GET 200 https://registry.npmjs.org/tslib 6ms (cache hit)
135 silly packumentCache full:https://registry.npmjs.org/tslib set size:104653 disposed:false
136 silly fetch manifest aes-js@4.0.0-beta.5
137 silly packumentCache full:https://registry.npmjs.org/aes-js cache-miss
138 http fetch GET 200 https://registry.npmjs.org/aes-js 5ms (cache hit)
139 silly packumentCache full:https://registry.npmjs.org/aes-js set size:116677 disposed:false
140 silly fetch manifest @types/node@18.15.13
141 silly packumentCache full:https://registry.npmjs.org/@types%2fnode cache-miss
142 http fetch GET 200 https://registry.npmjs.org/undici 67ms (cache miss)
143 silly packumentCache full:https://registry.npmjs.org/undici set size:undefined disposed:false
144 silly fetch manifest @noble/curves@1.2.0
145 silly packumentCache full:https://registry.npmjs.org/@noble%2fcurves cache-miss
146 http fetch GET 200 https://registry.npmjs.org/@types%2fnode 27ms (cache hit)
147 silly packumentCache full:https://registry.npmjs.org/@types%2fnode set size:8976328 disposed:false
148 silly fetch manifest @noble/hashes@1.3.2
149 silly packumentCache full:https://registry.npmjs.org/@noble%2fhashes cache-miss
150 http fetch GET 200 https://registry.npmjs.org/whatwg-mimetype 154ms (cache miss)
151 silly packumentCache full:https://registry.npmjs.org/whatwg-mimetype set size:undefined disposed:false
152 silly fetch manifest @adraffy/ens-normalize@1.10.1
153 silly packumentCache full:https://registry.npmjs.org/@adraffy%2fens-normalize cache-miss
154 http fetch GET 200 https://registry.npmjs.org/@noble%2fhashes 6ms (cache hit)
155 silly packumentCache full:https://registry.npmjs.org/@noble%2fhashes set size:159005 disposed:false
156 silly fetch manifest @inquirer/prompts@^5.3.8
157 silly packumentCache full:https://registry.npmjs.org/@inquirer%2fprompts cache-miss
158 http fetch GET 200 https://registry.npmjs.org/@noble%2fcurves 115ms (cache hit)
159 silly packumentCache full:https://registry.npmjs.org/@noble%2fcurves set size:212950 disposed:false
160 silly fetch manifest @inquirer/type@^1.5.2
161 silly packumentCache full:https://registry.npmjs.org/@inquirer%2ftype cache-miss
162 http fetch GET 200 https://registry.npmjs.org/@adraffy%2fens-normalize 10ms (cache hit)
163 silly packumentCache full:https://registry.npmjs.org/@adraffy%2fens-normalize set size:143537 disposed:false
164 silly fetch manifest @types/mute-stream@^0.0.4
165 silly packumentCache full:https://registry.npmjs.org/@types%2fmute-stream cache-miss
166 http fetch GET 200 https://registry.npmjs.org/@inquirer%2ftype 6ms (cache hit)
167 silly packumentCache full:https://registry.npmjs.org/@inquirer%2ftype set size:65418 disposed:false
168 silly fetch manifest ansi-escapes@^4.3.2
169 silly packumentCache full:https://registry.npmjs.org/ansi-escapes cache-miss
170 http fetch GET 200 https://registry.npmjs.org/@types%2fmute-stream 5ms (cache hit)
171 silly packumentCache full:https://registry.npmjs.org/@types%2fmute-stream set size:10411 disposed:false
172 silly fetch manifest mute-stream@^1.0.0
173 silly packumentCache full:https://registry.npmjs.org/mute-stream cache-miss
174 http fetch GET 200 https://registry.npmjs.org/@inquirer%2fprompts 11ms (cache hit)
175 silly packumentCache full:https://registry.npmjs.org/@inquirer%2fprompts set size:168180 disposed:false
176 silly fetch manifest run-async@^3.0.0
177 silly packumentCache full:https://registry.npmjs.org/run-async cache-miss
178 http fetch GET 200 https://registry.npmjs.org/ansi-escapes 7ms (cache hit)
179 silly packumentCache full:https://registry.npmjs.org/ansi-escapes set size:61494 disposed:false
180 silly fetch manifest rxjs@^7.8.1
181 silly packumentCache full:https://registry.npmjs.org/rxjs cache-miss
182 http fetch GET 200 https://registry.npmjs.org/run-async 6ms (cache hit)
183 silly packumentCache full:https://registry.npmjs.org/run-async set size:18882 disposed:false
184 silly fetch manifest @types/readable-stream@^4.0.5
185 silly packumentCache full:https://registry.npmjs.org/@types%2freadable-stream cache-miss
186 http fetch GET 200 https://registry.npmjs.org/mute-stream 9ms (cache hit)
187 silly packumentCache full:https://registry.npmjs.org/mute-stream set size:16942 disposed:false
188 silly fetch manifest @types/ws@^8.5.9
189 silly packumentCache full:https://registry.npmjs.org/@types%2fws cache-miss
190 http fetch GET 200 https://registry.npmjs.org/@types%2freadable-stream 5ms (cache hit)
191 silly packumentCache full:https://registry.npmjs.org/@types%2freadable-stream set size:67134 disposed:false
192 silly fetch manifest commist@^3.2.0
193 silly packumentCache full:https://registry.npmjs.org/commist cache-miss
194 http fetch GET 200 https://registry.npmjs.org/@types%2fws 5ms (cache hit)
195 silly packumentCache full:https://registry.npmjs.org/@types%2fws set size:159171 disposed:false
196 silly fetch manifest concat-stream@^2.0.0
197 silly packumentCache full:https://registry.npmjs.org/concat-stream cache-miss
198 http fetch GET 200 https://registry.npmjs.org/rxjs 12ms (cache hit)
199 silly packumentCache full:https://registry.npmjs.org/rxjs set size:1240752 disposed:false
200 silly fetch manifest debug@^4.3.4
201 silly packumentCache full:https://registry.npmjs.org/debug cache-miss
202 http fetch GET 200 https://registry.npmjs.org/commist 20ms (cache hit)
203 silly packumentCache full:https://registry.npmjs.org/commist set size:24560 disposed:false
204 silly fetch manifest help-me@^5.0.0
205 silly packumentCache full:https://registry.npmjs.org/help-me cache-miss
206 http fetch GET 200 https://registry.npmjs.org/concat-stream 20ms (cache hit)
207 silly packumentCache full:https://registry.npmjs.org/concat-stream set size:63783 disposed:false
208 silly fetch manifest lru-cache@^10.0.1
209 silly packumentCache full:https://registry.npmjs.org/lru-cache cache-miss
210 http fetch GET 200 https://registry.npmjs.org/debug 12ms (cache hit)
211 silly packumentCache full:https://registry.npmjs.org/debug set size:186932 disposed:false
212 silly fetch manifest minimist@^1.2.8
213 silly packumentCache full:https://registry.npmjs.org/minimist cache-miss
214 http fetch GET 200 https://registry.npmjs.org/help-me 10ms (cache hit)
215 silly packumentCache full:https://registry.npmjs.org/help-me set size:29897 disposed:false
216 silly fetch manifest mqtt-packet@^9.0.0
217 silly packumentCache full:https://registry.npmjs.org/mqtt-packet cache-miss
218 http fetch GET 200 https://registry.npmjs.org/minimist 6ms (cache hit)
219 silly packumentCache full:https://registry.npmjs.org/minimist set size:77097 disposed:false
220 silly fetch manifest number-allocator@^1.0.14
221 silly packumentCache full:https://registry.npmjs.org/number-allocator cache-miss
222 http fetch GET 200 https://registry.npmjs.org/lru-cache 12ms (cache hit)
223 silly packumentCache full:https://registry.npmjs.org/lru-cache set size:698785 disposed:false
224 silly fetch manifest readable-stream@^4.4.2
225 silly packumentCache full:https://registry.npmjs.org/readable-stream cache-miss
226 http fetch GET 200 https://registry.npmjs.org/mqtt-packet 18ms (cache hit)
227 silly packumentCache full:https://registry.npmjs.org/mqtt-packet set size:210492 disposed:false
228 silly fetch manifest reinterval@^1.1.0
229 silly packumentCache full:https://registry.npmjs.org/reinterval cache-miss
230 http fetch GET 200 https://registry.npmjs.org/number-allocator 18ms (cache hit)
231 silly packumentCache full:https://registry.npmjs.org/number-allocator set size:45084 disposed:false
232 silly fetch manifest rfdc@^1.3.0
233 silly packumentCache full:https://registry.npmjs.org/rfdc cache-miss
234 http fetch GET 200 https://registry.npmjs.org/readable-stream 12ms (cache hit)
235 silly packumentCache full:https://registry.npmjs.org/readable-stream set size:272167 disposed:false
236 silly fetch manifest split2@^4.2.0
237 silly packumentCache full:https://registry.npmjs.org/split2 cache-miss
238 http fetch GET 200 https://registry.npmjs.org/reinterval 8ms (cache hit)
239 silly packumentCache full:https://registry.npmjs.org/reinterval set size:8319 disposed:false
240 silly fetch manifest worker-timers@^7.1.4
241 silly packumentCache full:https://registry.npmjs.org/worker-timers cache-miss
242 http fetch GET 200 https://registry.npmjs.org/rfdc 9ms (cache hit)
243 silly packumentCache full:https://registry.npmjs.org/rfdc set size:45382 disposed:false
244 silly fetch manifest ws@^8.17.1
245 silly packumentCache full:https://registry.npmjs.org/ws cache-hit
246 silly fetch manifest bl@^4.1.0
247 silly packumentCache full:https://registry.npmjs.org/bl cache-miss
248 http fetch GET 200 https://registry.npmjs.org/split2 7ms (cache hit)
249 silly packumentCache full:https://registry.npmjs.org/split2 set size:47438 disposed:false
250 silly fetch manifest wcwidth@^1.0.1
251 silly packumentCache full:https://registry.npmjs.org/wcwidth cache-miss
252 http fetch GET 200 https://registry.npmjs.org/worker-timers 9ms (cache hit)
253 silly packumentCache full:https://registry.npmjs.org/worker-timers set size:915363 disposed:false
254 silly fetch manifest cli-cursor@^3.1.0
255 silly packumentCache full:https://registry.npmjs.org/cli-cursor cache-miss
256 http fetch GET 200 https://registry.npmjs.org/bl 15ms (cache hit)
257 silly packumentCache full:https://registry.npmjs.org/bl set size:150889 disposed:false
258 silly fetch manifest strip-ansi@^6.0.0
259 silly packumentCache full:https://registry.npmjs.org/strip-ansi cache-miss
260 http fetch GET 200 https://registry.npmjs.org/wcwidth 15ms (cache hit)
261 silly packumentCache full:https://registry.npmjs.org/wcwidth set size:5904 disposed:false
262 silly fetch manifest log-symbols@^4.1.0
263 silly packumentCache full:https://registry.npmjs.org/log-symbols cache-miss
264 http fetch GET 200 https://registry.npmjs.org/strip-ansi 9ms (cache hit)
265 silly packumentCache full:https://registry.npmjs.org/strip-ansi set size:43180 disposed:false
266 silly fetch manifest cli-spinners@^2.5.0
267 silly packumentCache full:https://registry.npmjs.org/cli-spinners cache-miss
268 http fetch GET 200 https://registry.npmjs.org/cli-cursor 14ms (cache hit)
269 silly packumentCache full:https://registry.npmjs.org/cli-cursor set size:18913 disposed:false
270 silly fetch manifest is-interactive@^1.0.0
271 silly packumentCache full:https://registry.npmjs.org/is-interactive cache-miss
272 http fetch GET 200 https://registry.npmjs.org/log-symbols 11ms (cache hit)
273 silly packumentCache full:https://registry.npmjs.org/log-symbols set size:30001 disposed:false
274 silly fetch manifest is-unicode-supported@^0.1.0
275 silly packumentCache full:https://registry.npmjs.org/is-unicode-supported cache-miss
276 http fetch GET 200 https://registry.npmjs.org/cli-spinners 7ms (cache hit)
277 silly packumentCache full:https://registry.npmjs.org/cli-spinners set size:59098 disposed:false
278 http fetch GET 200 https://registry.npmjs.org/is-interactive 7ms (cache hit)
279 silly packumentCache full:https://registry.npmjs.org/is-interactive set size:10692 disposed:false
280 http fetch GET 200 https://registry.npmjs.org/is-unicode-supported 6ms (cache hit)
281 silly packumentCache full:https://registry.npmjs.org/is-unicode-supported set size:17590 disposed:false
282 silly placeDep node_modules/rivalz-node-cli follow-redirects@1.15.6 OK for: axios@1.7.5 want: ^1.15.6
283 silly placeDep node_modules/rivalz-node-cli form-data@4.0.0 OK for: axios@1.7.5 want: ^4.0.0
284 silly placeDep node_modules/rivalz-node-cli proxy-from-env@1.1.0 OK for: axios@1.7.5 want: ^1.1.0
285 silly fetch manifest asynckit@^0.4.0
286 silly packumentCache full:https://registry.npmjs.org/asynckit cache-miss
287 silly fetch manifest combined-stream@^1.0.8
288 silly packumentCache full:https://registry.npmjs.org/combined-stream cache-miss
289 silly fetch manifest mime-types@^2.1.12
290 silly packumentCache full:https://registry.npmjs.org/mime-types cache-miss
291 http fetch GET 200 https://registry.npmjs.org/combined-stream 4ms (cache hit)
292 silly packumentCache full:https://registry.npmjs.org/combined-stream set size:40337 disposed:false
293 http fetch GET 200 https://registry.npmjs.org/asynckit 6ms (cache hit)
294 silly packumentCache full:https://registry.npmjs.org/asynckit set size:17357 disposed:false
295 http fetch GET 200 https://registry.npmjs.org/mime-types 6ms (cache hit)
296 silly packumentCache full:https://registry.npmjs.org/mime-types set size:131008 disposed:false
297 silly placeDep node_modules/rivalz-node-cli ansi-styles@4.3.0 OK for: chalk@4.1.2 want: ^4.1.0
298 silly placeDep node_modules/rivalz-node-cli supports-color@7.2.0 OK for: chalk@4.1.2 want: ^7.1.0
299 silly fetch manifest color-convert@^2.0.1
300 silly packumentCache full:https://registry.npmjs.org/color-convert cache-miss
301 silly fetch manifest has-flag@^4.0.0
302 silly packumentCache full:https://registry.npmjs.org/has-flag cache-miss
303 http fetch GET 200 https://registry.npmjs.org/color-convert 8ms (cache hit)
304 silly packumentCache full:https://registry.npmjs.org/color-convert set size:61781 disposed:false
305 http fetch GET 200 https://registry.npmjs.org/has-flag 9ms (cache hit)
306 silly packumentCache full:https://registry.npmjs.org/has-flag set size:15180 disposed:false
307 silly placeDep node_modules/rivalz-node-cli color-convert@2.0.1 OK for: ansi-styles@4.3.0 want: ^2.0.1
308 silly fetch manifest color-name@~1.1.4
309 silly packumentCache full:https://registry.npmjs.org/color-name cache-miss
310 http fetch GET 200 https://registry.npmjs.org/color-name 2ms (cache hit)
311 silly packumentCache full:https://registry.npmjs.org/color-name set size:16325 disposed:false
312 silly placeDep node_modules/rivalz-node-cli cheerio-select@2.1.0 OK for: cheerio@1.0.0 want: ^2.1.0
313 silly placeDep node_modules/rivalz-node-cli dom-serializer@2.0.0 OK for: cheerio@1.0.0 want: ^2.0.0
314 silly placeDep node_modules/rivalz-node-cli domhandler@5.0.3 OK for: cheerio@1.0.0 want: ^5.0.3
315 silly placeDep node_modules/rivalz-node-cli domutils@3.1.0 OK for: cheerio@1.0.0 want: ^3.1.0
316 silly placeDep node_modules/rivalz-node-cli encoding-sniffer@0.2.0 OK for: cheerio@1.0.0 want: ^0.2.0
317 silly placeDep node_modules/rivalz-node-cli htmlparser2@9.1.0 OK for: cheerio@1.0.0 want: ^9.1.0
318 silly placeDep node_modules/rivalz-node-cli parse5@7.1.2 OK for: cheerio@1.0.0 want: ^7.1.2
319 silly placeDep node_modules/rivalz-node-cli parse5-htmlparser2-tree-adapter@7.0.0 OK for: cheerio@1.0.0 want: ^7.0.0
320 silly placeDep node_modules/rivalz-node-cli parse5-parser-stream@7.1.2 OK for: cheerio@1.0.0 want: ^7.1.2
321 silly placeDep node_modules/rivalz-node-cli undici@6.19.8 OK for: cheerio@1.0.0 want: ^6.19.5
322 silly placeDep node_modules/rivalz-node-cli whatwg-mimetype@4.0.0 OK for: cheerio@1.0.0 want: ^4.0.0
323 silly fetch manifest boolbase@^1.0.0
324 silly packumentCache full:https://registry.npmjs.org/boolbase cache-miss
325 silly fetch manifest css-select@^5.1.0
326 silly packumentCache full:https://registry.npmjs.org/css-select cache-miss
327 silly fetch manifest css-what@^6.1.0
328 silly packumentCache full:https://registry.npmjs.org/css-what cache-miss
329 http fetch GET 200 https://registry.npmjs.org/boolbase 42ms (cache miss)
330 silly packumentCache full:https://registry.npmjs.org/boolbase set size:undefined disposed:false
331 silly fetch manifest domelementtype@^2.3.0
332 silly packumentCache full:https://registry.npmjs.org/domelementtype cache-miss
333 http fetch GET 200 https://registry.npmjs.org/css-select 43ms (cache miss)
334 silly packumentCache full:https://registry.npmjs.org/css-select set size:undefined disposed:false
335 silly fetch manifest domutils@^3.0.1
336 silly packumentCache full:https://registry.npmjs.org/domutils cache-miss
337 http fetch GET 200 https://registry.npmjs.org/css-what 44ms (cache miss)
338 silly packumentCache full:https://registry.npmjs.org/css-what set size:undefined disposed:false
339 silly fetch manifest domelementtype@^2.3.0
340 silly packumentCache full:https://registry.npmjs.org/domelementtype cache-miss
341 http fetch GET 200 https://registry.npmjs.org/domutils 4ms (cache hit)
342 silly packumentCache full:https://registry.npmjs.org/domutils set size:94012 disposed:false
343 silly fetch manifest domhandler@^5.0.2
344 silly packumentCache full:https://registry.npmjs.org/domhandler cache-miss
345 http fetch GET 200 https://registry.npmjs.org/domhandler 5ms (cache hit)
346 silly packumentCache full:https://registry.npmjs.org/domhandler set size:73302 disposed:false
347 silly fetch manifest entities@^4.2.0
348 silly packumentCache full:https://registry.npmjs.org/entities cache-miss
349 http fetch GET 200 https://registry.npmjs.org/domelementtype 36ms (cache miss)
350 silly packumentCache full:https://registry.npmjs.org/domelementtype set size:undefined disposed:false
351 silly fetch manifest iconv-lite@^0.6.3
352 silly packumentCache full:https://registry.npmjs.org/iconv-lite cache-miss
353 http fetch GET 200 https://registry.npmjs.org/domelementtype 43ms (cache miss)
354 silly packumentCache full:https://registry.npmjs.org/domelementtype set size:undefined disposed:false
355 silly fetch manifest whatwg-encoding@^3.1.1
356 silly packumentCache full:https://registry.npmjs.org/whatwg-encoding cache-miss
357 http fetch GET 200 https://registry.npmjs.org/iconv-lite 5ms (cache hit)
358 silly packumentCache full:https://registry.npmjs.org/iconv-lite set size:115994 disposed:false
359 silly fetch manifest entities@^4.5.0
360 silly packumentCache full:https://registry.npmjs.org/entities cache-miss
361 http fetch GET 200 https://registry.npmjs.org/entities 39ms (cache miss)
362 silly packumentCache full:https://registry.npmjs.org/entities set size:undefined disposed:false
363 silly fetch manifest entities@^4.4.0
364 silly packumentCache full:https://registry.npmjs.org/entities cache-miss
365 http fetch GET 200 https://registry.npmjs.org/entities 2ms (cache hit)
366 silly packumentCache full:https://registry.npmjs.org/entities set size:84558 disposed:false
367 http fetch GET 200 https://registry.npmjs.org/whatwg-encoding 38ms (cache miss)
368 silly packumentCache full:https://registry.npmjs.org/whatwg-encoding set size:undefined disposed:false
369 http fetch GET 200 https://registry.npmjs.org/entities 49ms (cache miss)
370 silly packumentCache full:https://registry.npmjs.org/entities set size:undefined disposed:false
371 silly packumentCache full:https://registry.npmjs.org/entities dispose
372 silly placeDep node_modules/rivalz-node-cli boolbase@1.0.0 OK for: cheerio-select@2.1.0 want: ^1.0.0
373 silly placeDep node_modules/rivalz-node-cli css-select@5.1.0 OK for: cheerio-select@2.1.0 want: ^5.1.0
374 silly placeDep node_modules/rivalz-node-cli css-what@6.1.0 OK for: cheerio-select@2.1.0 want: ^6.1.0
375 silly placeDep node_modules/rivalz-node-cli domelementtype@2.3.0 OK for: cheerio-select@2.1.0 want: ^2.3.0
376 silly fetch manifest nth-check@^2.0.1
377 silly packumentCache full:https://registry.npmjs.org/nth-check cache-miss
378 http fetch GET 200 https://registry.npmjs.org/nth-check 38ms (cache miss)
379 silly packumentCache full:https://registry.npmjs.org/nth-check set size:undefined disposed:false
380 silly placeDep node_modules/rivalz-node-cli color-name@1.1.4 OK for: color-convert@2.0.1 want: ~1.1.4
381 silly placeDep node_modules/rivalz-node-cli nth-check@2.1.1 OK for: css-select@5.1.0 want: ^2.0.1
382 silly placeDep node_modules/rivalz-node-cli entities@4.5.0 OK for: dom-serializer@2.0.0 want: ^4.2.0
383 silly placeDep node_modules/rivalz-node-cli iconv-lite@0.6.3 OK for: encoding-sniffer@0.2.0 want: ^0.6.3
384 silly placeDep node_modules/rivalz-node-cli whatwg-encoding@3.1.1 OK for: encoding-sniffer@0.2.0 want: ^3.1.1
385 silly fetch manifest safer-buffer@>= 2.1.2 < 3.0.0
386 silly packumentCache full:https://registry.npmjs.org/safer-buffer cache-miss
387 http fetch GET 200 https://registry.npmjs.org/safer-buffer 5ms (cache hit)
388 silly packumentCache full:https://registry.npmjs.org/safer-buffer set size:18521 disposed:false
389 silly fetch manifest bufferutil@^4.0.1
390 silly packumentCache full:https://registry.npmjs.org/bufferutil cache-miss
391 http fetch GET 200 https://registry.npmjs.org/bufferutil 2ms (cache hit)
392 silly packumentCache full:https://registry.npmjs.org/bufferutil set size:49090 disposed:false
393 silly fetch manifest utf-8-validate@>=5.0.2
394 silly packumentCache full:https://registry.npmjs.org/utf-8-validate cache-miss
395 http fetch GET 200 https://registry.npmjs.org/utf-8-validate 2ms (cache hit)
396 silly packumentCache full:https://registry.npmjs.org/utf-8-validate set size:73063 disposed:false
397 silly placeDep node_modules/rivalz-node-cli @adraffy/ens-normalize@1.10.1 OK for: ethers@6.13.2 want: 1.10.1
398 silly placeDep node_modules/rivalz-node-cli @noble/curves@1.2.0 OK for: ethers@6.13.2 want: 1.2.0
399 silly placeDep node_modules/rivalz-node-cli @noble/hashes@1.3.2 OK for: ethers@6.13.2 want: 1.3.2
400 silly placeDep node_modules/rivalz-node-cli @types/node@18.15.13 OK for: ethers@6.13.2 want: 18.15.13
401 silly placeDep node_modules/rivalz-node-cli aes-js@4.0.0-beta.5 OK for: ethers@6.13.2 want: 4.0.0-beta.5
402 silly placeDep node_modules/rivalz-node-cli tslib@2.4.0 OK for: ethers@6.13.2 want: 2.4.0
403 silly placeDep node_modules/rivalz-node-cli ws@8.17.1 OK for: ethers@6.13.2 want: 8.17.1
404 silly placeDep node_modules/rivalz-node-cli asynckit@0.4.0 OK for: form-data@4.0.0 want: ^0.4.0
405 silly placeDep node_modules/rivalz-node-cli combined-stream@1.0.8 OK for: form-data@4.0.0 want: ^1.0.8
406 silly placeDep node_modules/rivalz-node-cli mime-types@2.1.35 OK for: form-data@4.0.0 want: ^2.1.12
407 silly fetch manifest delayed-stream@~1.0.0
408 silly packumentCache full:https://registry.npmjs.org/delayed-stream cache-miss
409 silly fetch manifest mime-db@1.52.0
410 silly packumentCache full:https://registry.npmjs.org/mime-db cache-miss
411 http fetch GET 200 https://registry.npmjs.org/delayed-stream 3ms (cache hit)
412 silly packumentCache full:https://registry.npmjs.org/delayed-stream set size:15820 disposed:false
413 http fetch GET 200 https://registry.npmjs.org/mime-db 4ms (cache hit)
414 silly packumentCache full:https://registry.npmjs.org/mime-db set size:161952 disposed:false
415 silly placeDep node_modules/rivalz-node-cli delayed-stream@1.0.0 OK for: combined-stream@1.0.8 want: ~1.0.0
416 silly placeDep node_modules/rivalz-node-cli safer-buffer@2.1.2 OK for: iconv-lite@0.6.3 want: >= 2.1.2 < 3.0.0
417 silly placeDep node_modules/rivalz-node-cli @inquirer/prompts@5.3.8 OK for: inquirer@10.1.8 want: ^5.3.8
418 silly placeDep node_modules/rivalz-node-cli @inquirer/type@1.5.2 OK for: inquirer@10.1.8 want: ^1.5.2
419 silly placeDep node_modules/rivalz-node-cli @types/mute-stream@0.0.4 OK for: inquirer@10.1.8 want: ^0.0.4
420 silly placeDep node_modules/rivalz-node-cli ansi-escapes@4.3.2 OK for: inquirer@10.1.8 want: ^4.3.2
421 silly placeDep node_modules/rivalz-node-cli mute-stream@1.0.0 OK for: inquirer@10.1.8 want: ^1.0.0
422 silly placeDep node_modules/rivalz-node-cli run-async@3.0.0 OK for: inquirer@10.1.8 want: ^3.0.0
423 silly placeDep node_modules/rivalz-node-cli rxjs@7.8.1 OK for: inquirer@10.1.8 want: ^7.8.1
424 silly fetch manifest @inquirer/checkbox@^2.4.7
425 silly packumentCache full:https://registry.npmjs.org/@inquirer%2fcheckbox cache-miss
426 silly fetch manifest @inquirer/confirm@^3.1.22
427 silly packumentCache full:https://registry.npmjs.org/@inquirer%2fconfirm cache-miss
428 silly fetch manifest @inquirer/editor@^2.1.22
429 silly packumentCache full:https://registry.npmjs.org/@inquirer%2feditor cache-miss
430 http fetch GET 200 https://registry.npmjs.org/@inquirer%2feditor 7ms (cache hit)
431 silly packumentCache full:https://registry.npmjs.org/@inquirer%2feditor set size:196025 disposed:false
432 silly fetch manifest @inquirer/expand@^2.1.22
433 silly packumentCache full:https://registry.npmjs.org/@inquirer%2fexpand cache-miss
434 http fetch GET 200 https://registry.npmjs.org/@inquirer%2fcheckbox 11ms (cache hit)
435 silly packumentCache full:https://registry.npmjs.org/@inquirer%2fcheckbox set size:220377 disposed:false
436 silly fetch manifest @inquirer/input@^2.2.9
437 silly packumentCache full:https://registry.npmjs.org/@inquirer%2finput cache-miss
438 http fetch GET 200 https://registry.npmjs.org/@inquirer%2fconfirm 14ms (cache hit)
439 silly packumentCache full:https://registry.npmjs.org/@inquirer%2fconfirm set size:206385 disposed:false
440 silly fetch manifest @inquirer/number@^1.0.10
441 silly packumentCache full:https://registry.npmjs.org/@inquirer%2fnumber cache-miss
442 http fetch GET 200 https://registry.npmjs.org/@inquirer%2fexpand 9ms (cache hit)
443 silly packumentCache full:https://registry.npmjs.org/@inquirer%2fexpand set size:202941 disposed:false
444 silly fetch manifest @inquirer/password@^2.1.22
445 silly packumentCache full:https://registry.npmjs.org/@inquirer%2fpassword cache-miss
446 http fetch GET 200 https://registry.npmjs.org/@inquirer%2fnumber 7ms (cache hit)
447 silly packumentCache full:https://registry.npmjs.org/@inquirer%2fnumber set size:28062 disposed:false
448 silly fetch manifest @inquirer/rawlist@^2.2.4
449 silly packumentCache full:https://registry.npmjs.org/@inquirer%2frawlist cache-miss
450 http fetch GET 200 https://registry.npmjs.org/@inquirer%2finput 10ms (cache hit)
451 silly packumentCache full:https://registry.npmjs.org/@inquirer%2finput set size:202404 disposed:false
452 silly fetch manifest @inquirer/search@^1.0.7
453 silly packumentCache full:https://registry.npmjs.org/@inquirer%2fsearch cache-miss
454 http fetch GET 200 https://registry.npmjs.org/@inquirer%2fpassword 8ms (cache hit)
455 silly packumentCache full:https://registry.npmjs.org/@inquirer%2fpassword set size:204342 disposed:false
456 silly fetch manifest @inquirer/select@^2.4.7
457 silly packumentCache full:https://registry.npmjs.org/@inquirer%2fselect cache-miss
458 http fetch GET 200 https://registry.npmjs.org/@inquirer%2fsearch 6ms (cache hit)
459 silly packumentCache full:https://registry.npmjs.org/@inquirer%2fsearch set size:21131 disposed:false
460 silly fetch manifest type-fest@^0.21.3
461 silly packumentCache full:https://registry.npmjs.org/type-fest cache-miss
462 http fetch GET 200 https://registry.npmjs.org/@inquirer%2frawlist 10ms (cache hit)
463 silly packumentCache full:https://registry.npmjs.org/@inquirer%2frawlist set size:171407 disposed:false
464 http fetch GET 200 https://registry.npmjs.org/@inquirer%2fselect 6ms (cache hit)
465 silly packumentCache full:https://registry.npmjs.org/@inquirer%2fselect set size:211040 disposed:false
466 http fetch GET 200 https://registry.npmjs.org/type-fest 7ms (cache hit)
467 silly packumentCache full:https://registry.npmjs.org/type-fest set size:461242 disposed:false
468 silly placeDep node_modules/rivalz-node-cli @inquirer/checkbox@2.4.7 OK for: @inquirer/prompts@5.3.8 want: ^2.4.7
469 silly placeDep node_modules/rivalz-node-cli @inquirer/confirm@3.1.22 OK for: @inquirer/prompts@5.3.8 want: ^3.1.22
470 silly placeDep node_modules/rivalz-node-cli @inquirer/editor@2.1.22 OK for: @inquirer/prompts@5.3.8 want: ^2.1.22
471 silly placeDep node_modules/rivalz-node-cli @inquirer/expand@2.1.22 OK for: @inquirer/prompts@5.3.8 want: ^2.1.22
472 silly placeDep node_modules/rivalz-node-cli @inquirer/input@2.2.9 OK for: @inquirer/prompts@5.3.8 want: ^2.2.9
473 silly placeDep node_modules/rivalz-node-cli @inquirer/number@1.0.10 OK for: @inquirer/prompts@5.3.8 want: ^1.0.10
474 silly placeDep node_modules/rivalz-node-cli @inquirer/password@2.1.22 OK for: @inquirer/prompts@5.3.8 want: ^2.1.22
475 silly placeDep node_modules/rivalz-node-cli @inquirer/rawlist@2.2.4 OK for: @inquirer/prompts@5.3.8 want: ^2.2.4
476 silly placeDep node_modules/rivalz-node-cli @inquirer/search@1.0.7 OK for: @inquirer/prompts@5.3.8 want: ^1.0.7
477 silly placeDep node_modules/rivalz-node-cli @inquirer/select@2.4.7 OK for: @inquirer/prompts@5.3.8 want: ^2.4.7
478 silly fetch manifest @inquirer/core@^9.0.10
479 silly packumentCache full:https://registry.npmjs.org/@inquirer%2fcore cache-miss
480 silly fetch manifest @inquirer/figures@^1.0.5
481 silly packumentCache full:https://registry.npmjs.org/@inquirer%2ffigures cache-miss
482 silly fetch manifest yoctocolors-cjs@^2.1.2
483 silly packumentCache full:https://registry.npmjs.org/yoctocolors-cjs cache-miss
484 http fetch GET 200 https://registry.npmjs.org/yoctocolors-cjs 4ms (cache hit)
485 silly packumentCache full:https://registry.npmjs.org/yoctocolors-cjs set size:10739 disposed:false
486 silly fetch manifest @inquirer/core@^9.0.10
487 silly packumentCache full:https://registry.npmjs.org/@inquirer%2fcore cache-miss
488 http fetch GET 200 https://registry.npmjs.org/@inquirer%2ffigures 7ms (cache hit)
489 silly packumentCache full:https://registry.npmjs.org/@inquirer%2ffigures set size:15209 disposed:false
490 silly fetch manifest @inquirer/core@^9.0.10
491 silly packumentCache full:https://registry.npmjs.org/@inquirer%2fcore cache-miss
492 http fetch GET 200 https://registry.npmjs.org/@inquirer%2fcore 13ms (cache hit)
493 silly packumentCache full:https://registry.npmjs.org/@inquirer%2fcore set size:223206 disposed:false
494 silly fetch manifest external-editor@^3.1.0
495 silly packumentCache full:https://registry.npmjs.org/external-editor cache-miss
496 http fetch GET 200 https://registry.npmjs.org/@inquirer%2fcore 7ms (cache hit)
497 silly packumentCache full:https://registry.npmjs.org/@inquirer%2fcore set size:223206 disposed:false
498 silly packumentCache full:https://registry.npmjs.org/@inquirer%2fcore dispose
499 http fetch GET 200 https://registry.npmjs.org/@inquirer%2fcore 12ms (cache hit)
500 silly packumentCache full:https://registry.npmjs.org/@inquirer%2fcore set size:223206 disposed:true
501 silly packumentCache full:https://registry.npmjs.org/@inquirer%2fcore dispose
502 http fetch GET 200 https://registry.npmjs.org/external-editor 9ms (cache hit)
503 silly packumentCache full:https://registry.npmjs.org/external-editor set size:48675 disposed:false
504 silly placeDep node_modules/rivalz-node-cli @inquirer/core@9.0.10 OK for: @inquirer/checkbox@2.4.7 want: ^9.0.10
505 silly placeDep node_modules/rivalz-node-cli @inquirer/figures@1.0.5 OK for: @inquirer/checkbox@2.4.7 want: ^1.0.5
506 silly placeDep node_modules/rivalz-node-cli yoctocolors-cjs@2.1.2 OK for: @inquirer/checkbox@2.4.7 want: ^2.1.2
507 silly fetch manifest @types/node@^22.1.0
508 silly packumentCache full:https://registry.npmjs.org/@types%2fnode cache-miss
509 silly fetch manifest @types/wrap-ansi@^3.0.0
510 silly packumentCache full:https://registry.npmjs.org/@types%2fwrap-ansi cache-miss
511 silly fetch manifest cli-spinners@^2.9.2
512 silly packumentCache full:https://registry.npmjs.org/cli-spinners cache-hit
513 silly fetch manifest cli-width@^4.1.0
514 silly packumentCache full:https://registry.npmjs.org/cli-width cache-miss
515 http fetch GET 200 https://registry.npmjs.org/cli-width 9ms (cache hit)
516 silly packumentCache full:https://registry.npmjs.org/cli-width set size:24976 disposed:false
517 silly fetch manifest signal-exit@^4.1.0
518 silly packumentCache full:https://registry.npmjs.org/signal-exit cache-miss
519 http fetch GET 200 https://registry.npmjs.org/@types%2fwrap-ansi 11ms (cache hit)
520 silly packumentCache full:https://registry.npmjs.org/@types%2fwrap-ansi set size:24356 disposed:false
521 silly fetch manifest strip-ansi@^6.0.1
522 silly packumentCache full:https://registry.npmjs.org/strip-ansi cache-hit
523 silly fetch manifest wrap-ansi@^6.2.0
524 silly packumentCache full:https://registry.npmjs.org/wrap-ansi cache-miss
525 http fetch GET 200 https://registry.npmjs.org/signal-exit 5ms (cache hit)
526 silly packumentCache full:https://registry.npmjs.org/signal-exit set size:53489 disposed:false
527 http fetch GET 200 https://registry.npmjs.org/wrap-ansi 4ms (cache hit)
528 silly packumentCache full:https://registry.npmjs.org/wrap-ansi set size:51143 disposed:false
529 http fetch GET 200 https://registry.npmjs.org/@types%2fnode 31ms (cache hit)
530 silly packumentCache full:https://registry.npmjs.org/@types%2fnode set size:8976328 disposed:false
531 silly placeDep node_modules/rivalz-node-cli/node_modules/@inquirer/core @types/node@22.5.0 OK for: @inquirer/core@9.0.10 want: ^22.1.0
532 silly placeDep node_modules/rivalz-node-cli @types/wrap-ansi@3.0.0 OK for: @inquirer/core@9.0.10 want: ^3.0.0
533 silly placeDep node_modules/rivalz-node-cli cli-spinners@2.9.2 OK for: @inquirer/core@9.0.10 want: ^2.9.2
534 silly placeDep node_modules/rivalz-node-cli cli-width@4.1.0 OK for: @inquirer/core@9.0.10 want: ^4.1.0
535 silly placeDep node_modules/rivalz-node-cli signal-exit@4.1.0 OK for: @inquirer/core@9.0.10 want: ^4.1.0
536 silly placeDep node_modules/rivalz-node-cli strip-ansi@6.0.1 OK for: @inquirer/core@9.0.10 want: ^6.0.1
537 silly placeDep node_modules/rivalz-node-cli wrap-ansi@6.2.0 OK for: @inquirer/core@9.0.10 want: ^6.2.0
538 silly fetch manifest undici-types@~6.19.2
539 silly packumentCache full:https://registry.npmjs.org/undici-types cache-miss
540 silly fetch manifest ansi-regex@^5.0.1
541 silly packumentCache full:https://registry.npmjs.org/ansi-regex cache-miss
542 silly fetch manifest string-width@^4.1.0
543 silly packumentCache full:https://registry.npmjs.org/string-width cache-miss
544 http fetch GET 200 https://registry.npmjs.org/undici-types 5ms (cache hit)
545 silly packumentCache full:https://registry.npmjs.org/undici-types set size:106665 disposed:false
546 http fetch GET 200 https://registry.npmjs.org/ansi-regex 6ms (cache hit)
547 silly packumentCache full:https://registry.npmjs.org/ansi-regex set size:45233 disposed:false
548 http fetch GET 200 https://registry.npmjs.org/string-width 6ms (cache hit)
549 silly packumentCache full:https://registry.npmjs.org/string-width set size:61460 disposed:false
550 silly placeDep node_modules/rivalz-node-cli external-editor@3.1.0 OK for: @inquirer/editor@2.1.22 want: ^3.1.0
551 silly fetch manifest chardet@^0.7.0
552 silly packumentCache full:https://registry.npmjs.org/chardet cache-miss
553 silly fetch manifest iconv-lite@^0.4.24
554 silly packumentCache full:https://registry.npmjs.org/iconv-lite cache-hit
555 silly fetch manifest tmp@^0.0.33
556 silly packumentCache full:https://registry.npmjs.org/tmp cache-miss
557 http fetch GET 200 https://registry.npmjs.org/chardet 5ms (cache hit)
558 silly packumentCache full:https://registry.npmjs.org/chardet set size:64874 disposed:false
559 http fetch GET 200 https://registry.npmjs.org/tmp 6ms (cache hit)
560 silly packumentCache full:https://registry.npmjs.org/tmp set size:70665 disposed:false
561 silly placeDep node_modules/rivalz-node-cli type-fest@0.21.3 OK for: ansi-escapes@4.3.2 want: ^0.21.3
562 silly placeDep node_modules/rivalz-node-cli chardet@0.7.0 OK for: external-editor@3.1.0 want: ^0.7.0
563 silly placeDep node_modules/rivalz-node-cli/node_modules/external-editor iconv-lite@0.4.24 OK for: external-editor@3.1.0 want: ^0.4.24
564 silly placeDep node_modules/rivalz-node-cli tmp@0.0.33 OK for: external-editor@3.1.0 want: ^0.0.33
565 silly fetch manifest os-tmpdir@~1.0.2
566 silly packumentCache full:https://registry.npmjs.org/os-tmpdir cache-miss
567 http fetch GET 200 https://registry.npmjs.org/os-tmpdir 3ms (cache hit)
568 silly packumentCache full:https://registry.npmjs.org/os-tmpdir set size:8847 disposed:false
569 silly placeDep node_modules/rivalz-node-cli mime-db@1.52.0 OK for: mime-types@2.1.35 want: 1.52.0
570 silly placeDep node_modules/rivalz-node-cli @types/readable-stream@4.0.15 OK for: mqtt@5.10.0 want: ^4.0.5
571 silly placeDep node_modules/rivalz-node-cli @types/ws@8.5.12 OK for: mqtt@5.10.0 want: ^8.5.9
572 silly placeDep node_modules/rivalz-node-cli commist@3.2.0 OK for: mqtt@5.10.0 want: ^3.2.0
573 silly placeDep node_modules/rivalz-node-cli concat-stream@2.0.0 OK for: mqtt@5.10.0 want: ^2.0.0
574 silly placeDep node_modules/rivalz-node-cli debug@4.3.6 OK for: mqtt@5.10.0 want: ^4.3.4
575 silly placeDep node_modules/rivalz-node-cli help-me@5.0.0 OK for: mqtt@5.10.0 want: ^5.0.0
576 silly placeDep node_modules/rivalz-node-cli lru-cache@10.4.3 OK for: mqtt@5.10.0 want: ^10.0.1
577 silly placeDep node_modules/rivalz-node-cli minimist@1.2.8 OK for: mqtt@5.10.0 want: ^1.2.8
578 silly placeDep node_modules/rivalz-node-cli mqtt-packet@9.0.0 OK for: mqtt@5.10.0 want: ^9.0.0
579 silly placeDep node_modules/rivalz-node-cli number-allocator@1.0.14 OK for: mqtt@5.10.0 want: ^1.0.14
580 silly placeDep node_modules/rivalz-node-cli readable-stream@4.5.2 OK for: mqtt@5.10.0 want: ^4.4.2
581 silly placeDep node_modules/rivalz-node-cli reinterval@1.1.0 OK for: mqtt@5.10.0 want: ^1.1.0
582 silly placeDep node_modules/rivalz-node-cli rfdc@1.4.1 OK for: mqtt@5.10.0 want: ^1.3.0
583 silly placeDep node_modules/rivalz-node-cli split2@4.2.0 OK for: mqtt@5.10.0 want: ^4.2.0
584 silly placeDep node_modules/rivalz-node-cli worker-timers@7.1.8 OK for: mqtt@5.10.0 want: ^7.1.4
585 silly fetch manifest safe-buffer@~5.1.1
586 silly packumentCache full:https://registry.npmjs.org/safe-buffer cache-miss
587 silly fetch manifest buffer-from@^1.0.0
588 silly packumentCache full:https://registry.npmjs.org/buffer-from cache-miss
589 silly fetch manifest inherits@^2.0.3
590 silly packumentCache full:https://registry.npmjs.org/inherits cache-miss
591 http fetch GET 200 https://registry.npmjs.org/inherits 9ms (cache hit)
592 silly packumentCache full:https://registry.npmjs.org/inherits set size:12925 disposed:false
593 silly fetch manifest readable-stream@^3.0.2
594 silly packumentCache full:https://registry.npmjs.org/readable-stream cache-hit
595 silly fetch manifest typedarray@^0.0.6
596 silly packumentCache full:https://registry.npmjs.org/typedarray cache-miss
597 http fetch GET 200 https://registry.npmjs.org/buffer-from 13ms (cache hit)
598 silly packumentCache full:https://registry.npmjs.org/buffer-from set size:15463 disposed:false
599 silly fetch manifest ms@2.1.2
600 silly packumentCache full:https://registry.npmjs.org/ms cache-miss
601 http fetch GET 200 https://registry.npmjs.org/safe-buffer 15ms (cache hit)
602 silly packumentCache full:https://registry.npmjs.org/safe-buffer set size:41183 disposed:false
603 silly fetch manifest bl@^6.0.8
604 silly packumentCache full:https://registry.npmjs.org/bl cache-hit
605 silly fetch manifest process-nextick-args@^2.0.1
606 silly packumentCache full:https://registry.npmjs.org/process-nextick-args cache-miss
607 http fetch GET 200 https://registry.npmjs.org/typedarray 7ms (cache hit)
608 silly packumentCache full:https://registry.npmjs.org/typedarray set size:18469 disposed:false
609 silly fetch manifest js-sdsl@4.3.0
610 silly packumentCache full:https://registry.npmjs.org/js-sdsl cache-miss
611 http fetch GET 200 https://registry.npmjs.org/ms 7ms (cache hit)
612 silly packumentCache full:https://registry.npmjs.org/ms set size:84885 disposed:false
613 silly fetch manifest abort-controller@^3.0.0
614 silly packumentCache full:https://registry.npmjs.org/abort-controller cache-miss
615 http fetch GET 200 https://registry.npmjs.org/process-nextick-args 7ms (cache hit)
616 silly packumentCache full:https://registry.npmjs.org/process-nextick-args set size:15428 disposed:false
617 silly fetch manifest buffer@^6.0.3
618 silly packumentCache full:https://registry.npmjs.org/buffer cache-miss
619 http fetch GET 200 https://registry.npmjs.org/js-sdsl 6ms (cache hit)
620 silly packumentCache full:https://registry.npmjs.org/js-sdsl set size:272223 disposed:false
621 silly fetch manifest events@^3.3.0
622 silly packumentCache full:https://registry.npmjs.org/events cache-miss
623 http fetch GET 200 https://registry.npmjs.org/abort-controller 8ms (cache hit)
624 silly packumentCache full:https://registry.npmjs.org/abort-controller set size:47272 disposed:false
625 silly fetch manifest process@^0.11.10
626 silly packumentCache full:https://registry.npmjs.org/process cache-miss
627 http fetch GET 200 https://registry.npmjs.org/buffer 9ms (cache hit)
628 silly packumentCache full:https://registry.npmjs.org/buffer set size:280480 disposed:false
629 silly fetch manifest string_decoder@^1.3.0
630 silly packumentCache full:https://registry.npmjs.org/string_decoder cache-miss
631 http fetch GET 200 https://registry.npmjs.org/events 12ms (cache hit)
632 silly packumentCache full:https://registry.npmjs.org/events set size:35240 disposed:false
633 silly fetch manifest tslib@^2.6.2
634 silly packumentCache full:https://registry.npmjs.org/tslib cache-hit
635 silly fetch manifest @babel/runtime@^7.24.5
636 silly packumentCache full:https://registry.npmjs.org/@babel%2fruntime cache-miss
637 http fetch GET 200 https://registry.npmjs.org/process 12ms (cache hit)
638 silly packumentCache full:https://registry.npmjs.org/process set size:31274 disposed:false
639 silly fetch manifest worker-timers-broker@^6.1.8
640 silly packumentCache full:https://registry.npmjs.org/worker-timers-broker cache-miss
641 http fetch GET 200 https://registry.npmjs.org/string_decoder 11ms (cache hit)
642 silly packumentCache full:https://registry.npmjs.org/string_decoder set size:28441 disposed:false
643 silly fetch manifest worker-timers-worker@^7.0.71
644 silly packumentCache full:https://registry.npmjs.org/worker-timers-worker cache-miss
645 http fetch GET 200 https://registry.npmjs.org/worker-timers-worker 5ms (cache hit)
646 silly packumentCache full:https://registry.npmjs.org/worker-timers-worker set size:586761 disposed:false
647 http fetch GET 200 https://registry.npmjs.org/worker-timers-broker 13ms (cache hit)
648 silly packumentCache full:https://registry.npmjs.org/worker-timers-broker set size:719500 disposed:false
649 http fetch GET 200 https://registry.npmjs.org/@babel%2fruntime 30ms (cache hit)
650 silly packumentCache full:https://registry.npmjs.org/@babel%2fruntime set size:2603156 disposed:false
651 silly placeDep node_modules/rivalz-node-cli safe-buffer@5.1.2 OK for: @types/readable-stream@4.0.15 want: ~5.1.1
652 silly placeDep node_modules/rivalz-node-cli buffer-from@1.1.2 OK for: concat-stream@2.0.0 want: ^1.0.0
653 silly placeDep node_modules/rivalz-node-cli inherits@2.0.4 OK for: concat-stream@2.0.0 want: ^2.0.3
654 silly placeDep node_modules/rivalz-node-cli/node_modules/concat-stream readable-stream@3.6.2 OK for: concat-stream@2.0.0 want: ^3.0.2
655 silly placeDep node_modules/rivalz-node-cli typedarray@0.0.6 OK for: concat-stream@2.0.0 want: ^0.0.6
656 silly fetch manifest string_decoder@^1.1.1
657 silly packumentCache full:https://registry.npmjs.org/string_decoder cache-hit
658 silly fetch manifest util-deprecate@^1.0.1
659 silly packumentCache full:https://registry.npmjs.org/util-deprecate cache-miss
660 http fetch GET 200 https://registry.npmjs.org/util-deprecate 10ms (cache hit)
661 silly packumentCache full:https://registry.npmjs.org/util-deprecate set size:6674 disposed:false
662 silly placeDep node_modules/rivalz-node-cli ms@2.1.2 OK for: debug@4.3.6 want: 2.1.2
663 silly placeDep node_modules/rivalz-node-cli bl@6.0.14 OK for: mqtt-packet@9.0.0 want: ^6.0.8
664 silly placeDep node_modules/rivalz-node-cli process-nextick-args@2.0.1 OK for: mqtt-packet@9.0.0 want: ^2.0.1
665 silly placeDep node_modules/rivalz-node-cli buffer@6.0.3 OK for: bl@6.0.14 want: ^6.0.3
666 silly fetch manifest base64-js@^1.3.1
667 silly packumentCache full:https://registry.npmjs.org/base64-js cache-miss
668 silly fetch manifest ieee754@^1.2.1
669 silly packumentCache full:https://registry.npmjs.org/ieee754 cache-miss
670 http fetch GET 200 https://registry.npmjs.org/ieee754 3ms (cache hit)
671 silly packumentCache full:https://registry.npmjs.org/ieee754 set size:34910 disposed:false
672 http fetch GET 200 https://registry.npmjs.org/base64-js 4ms (cache hit)
673 silly packumentCache full:https://registry.npmjs.org/base64-js set size:41270 disposed:false
674 silly placeDep node_modules/rivalz-node-cli base64-js@1.5.1 OK for: buffer@6.0.3 want: ^1.3.1
675 silly placeDep node_modules/rivalz-node-cli ieee754@1.2.1 OK for: buffer@6.0.3 want: ^1.2.1
676 silly placeDep node_modules/rivalz-node-cli js-sdsl@4.3.0 OK for: number-allocator@1.0.14 want: 4.3.0
677 silly placeDep node_modules/rivalz-node-cli/node_modules/ora bl@4.1.0 OK for: ora@5.4.1 want: ^4.1.0
678 silly placeDep node_modules/rivalz-node-cli cli-cursor@3.1.0 OK for: ora@5.4.1 want: ^3.1.0
679 silly placeDep node_modules/rivalz-node-cli is-interactive@1.0.0 OK for: ora@5.4.1 want: ^1.0.0
680 silly placeDep node_modules/rivalz-node-cli is-unicode-supported@0.1.0 OK for: ora@5.4.1 want: ^0.1.0
681 silly placeDep node_modules/rivalz-node-cli log-symbols@4.1.0 OK for: ora@5.4.1 want: ^4.1.0
682 silly placeDep node_modules/rivalz-node-cli wcwidth@1.0.1 OK for: ora@5.4.1 want: ^1.0.1
683 silly fetch manifest buffer@^5.5.0
684 silly packumentCache full:https://registry.npmjs.org/buffer cache-hit
685 silly fetch manifest readable-stream@^3.4.0
686 silly packumentCache full:https://registry.npmjs.org/readable-stream cache-hit
687 silly fetch manifest restore-cursor@^3.1.0
688 silly packumentCache full:https://registry.npmjs.org/restore-cursor cache-miss
689 silly fetch manifest defaults@^1.0.3
690 silly packumentCache full:https://registry.npmjs.org/defaults cache-miss
691 http fetch GET 200 https://registry.npmjs.org/restore-cursor 6ms (cache hit)
692 silly packumentCache full:https://registry.npmjs.org/restore-cursor set size:17895 disposed:false
693 http fetch GET 200 https://registry.npmjs.org/defaults 5ms (cache hit)
694 silly packumentCache full:https://registry.npmjs.org/defaults set size:18134 disposed:false
695 silly placeDep node_modules/rivalz-node-cli restore-cursor@3.1.0 OK for: cli-cursor@3.1.0 want: ^3.1.0
696 silly fetch manifest onetime@^5.1.0
697 silly packumentCache full:https://registry.npmjs.org/onetime cache-miss
698 silly fetch manifest signal-exit@^3.0.2
699 silly packumentCache full:https://registry.npmjs.org/signal-exit cache-hit
700 http fetch GET 200 https://registry.npmjs.org/onetime 3ms (cache hit)
701 silly packumentCache full:https://registry.npmjs.org/onetime set size:30525 disposed:false
702 silly placeDep node_modules/rivalz-node-cli abort-controller@3.0.0 OK for: readable-stream@4.5.2 want: ^3.0.0
703 silly placeDep node_modules/rivalz-node-cli events@3.3.0 OK for: readable-stream@4.5.2 want: ^3.3.0
704 silly placeDep node_modules/rivalz-node-cli process@0.11.10 OK for: readable-stream@4.5.2 want: ^0.11.10
705 silly placeDep node_modules/rivalz-node-cli string_decoder@1.3.0 OK for: readable-stream@4.5.2 want: ^1.3.0
706 silly fetch manifest event-target-shim@^5.0.0
707 silly packumentCache full:https://registry.npmjs.org/event-target-shim cache-miss
708 silly fetch manifest safe-buffer@~5.2.0
709 silly packumentCache full:https://registry.npmjs.org/safe-buffer cache-hit
710 http fetch GET 200 https://registry.npmjs.org/event-target-shim 3ms (cache hit)
711 silly packumentCache full:https://registry.npmjs.org/event-target-shim set size:103601 disposed:false
712 silly placeDep node_modules/rivalz-node-cli event-target-shim@5.0.1 OK for: abort-controller@3.0.0 want: ^5.0.0
713 silly placeDep node_modules/rivalz-node-cli onetime@5.1.2 OK for: restore-cursor@3.1.0 want: ^5.1.0
714 silly placeDep node_modules/rivalz-node-cli/node_modules/restore-cursor signal-exit@3.0.7 OK for: restore-cursor@3.1.0 want: ^3.0.2
715 silly fetch manifest mimic-fn@^2.1.0
716 silly packumentCache full:https://registry.npmjs.org/mimic-fn cache-miss
717 http fetch GET 200 https://registry.npmjs.org/mimic-fn 2ms (cache hit)
718 silly packumentCache full:https://registry.npmjs.org/mimic-fn set size:22257 disposed:false
719 silly placeDep node_modules/rivalz-node-cli mimic-fn@2.1.0 OK for: onetime@5.1.2 want: ^2.1.0
720 silly placeDep node_modules/rivalz-node-cli/node_modules/string_decoder safe-buffer@5.2.1 OK for: string_decoder@1.3.0 want: ~5.2.0
721 silly placeDep node_modules/rivalz-node-cli ansi-regex@5.0.1 OK for: strip-ansi@6.0.1 want: ^5.0.1
722 silly placeDep node_modules/rivalz-node-cli has-flag@4.0.0 OK for: supports-color@7.2.0 want: ^4.0.0
723 silly placeDep node_modules/rivalz-node-cli os-tmpdir@1.0.2 OK for: tmp@0.0.33 want: ~1.0.2
724 silly placeDep node_modules/rivalz-node-cli defaults@1.0.4 OK for: wcwidth@1.0.1 want: ^1.0.3
725 silly fetch manifest clone@^1.0.2
726 silly packumentCache full:https://registry.npmjs.org/clone cache-miss
727 http fetch GET 200 https://registry.npmjs.org/clone 2ms (cache hit)
728 silly packumentCache full:https://registry.npmjs.org/clone set size:82973 disposed:false
729 silly placeDep node_modules/rivalz-node-cli clone@1.0.4 OK for: defaults@1.0.4 want: ^1.0.2
730 silly placeDep node_modules/rivalz-node-cli @babel/runtime@7.25.4 OK for: worker-timers@7.1.8 want: ^7.24.5
731 silly placeDep node_modules/rivalz-node-cli/node_modules/worker-timers tslib@2.7.0 OK for: worker-timers@7.1.8 want: ^2.6.2
732 silly placeDep node_modules/rivalz-node-cli worker-timers-broker@6.1.8 OK for: worker-timers@7.1.8 want: ^6.1.8
733 silly placeDep node_modules/rivalz-node-cli worker-timers-worker@7.0.71 OK for: worker-timers@7.1.8 want: ^7.0.71
734 silly fetch manifest regenerator-runtime@^0.14.0
735 silly packumentCache full:https://registry.npmjs.org/regenerator-runtime cache-miss
736 silly fetch manifest fast-unique-numbers@^8.0.13
737 silly packumentCache full:https://registry.npmjs.org/fast-unique-numbers cache-miss
738 http fetch GET 200 https://registry.npmjs.org/regenerator-runtime 7ms (cache hit)
739 silly packumentCache full:https://registry.npmjs.org/regenerator-runtime set size:59671 disposed:false
740 http fetch GET 200 https://registry.npmjs.org/fast-unique-numbers 8ms (cache hit)
741 silly packumentCache full:https://registry.npmjs.org/fast-unique-numbers set size:545860 disposed:false
742 silly placeDep node_modules/rivalz-node-cli regenerator-runtime@0.14.1 OK for: @babel/runtime@7.25.4 want: ^0.14.0
743 silly placeDep node_modules/rivalz-node-cli fast-unique-numbers@8.0.13 OK for: worker-timers-broker@6.1.8 want: ^8.0.13
744 silly placeDep node_modules/rivalz-node-cli/node_modules/worker-timers-broker tslib@2.7.0 OK for: worker-timers-broker@6.1.8 want: ^2.6.2
745 silly placeDep node_modules/rivalz-node-cli/node_modules/fast-unique-numbers tslib@2.7.0 OK for: fast-unique-numbers@8.0.13 want: ^2.6.2
746 silly placeDep node_modules/rivalz-node-cli/node_modules/worker-timers-worker tslib@2.7.0 OK for: worker-timers-worker@7.0.71 want: ^2.6.2
747 silly placeDep node_modules/rivalz-node-cli string-width@4.2.3 OK for: wrap-ansi@6.2.0 want: ^4.1.0
748 silly fetch manifest emoji-regex@^8.0.0
749 silly packumentCache full:https://registry.npmjs.org/emoji-regex cache-miss
750 silly fetch manifest is-fullwidth-code-point@^3.0.0
751 silly packumentCache full:https://registry.npmjs.org/is-fullwidth-code-point cache-miss
752 http fetch GET 200 https://registry.npmjs.org/is-fullwidth-code-point 3ms (cache hit)
753 silly packumentCache full:https://registry.npmjs.org/is-fullwidth-code-point set size:12553 disposed:false
754 http fetch GET 200 https://registry.npmjs.org/emoji-regex 4ms (cache hit)
755 silly packumentCache full:https://registry.npmjs.org/emoji-regex set size:82895 disposed:false
756 silly placeDep node_modules/rivalz-node-cli emoji-regex@8.0.0 OK for: string-width@4.2.3 want: ^8.0.0
757 silly placeDep node_modules/rivalz-node-cli is-fullwidth-code-point@3.0.0 OK for: string-width@4.2.3 want: ^3.0.0
758 silly placeDep node_modules/rivalz-node-cli undici-types@6.19.8 OK for: @types/node@22.5.0 want: ~6.19.2
759 silly placeDep node_modules/rivalz-node-cli util-deprecate@1.0.2 OK for: readable-stream@3.6.2 want: ^1.0.1
760 silly placeDep node_modules/rivalz-node-cli/node_modules/ora buffer@5.7.1 OK for: bl@4.1.0 want: ^5.5.0
761 silly placeDep node_modules/rivalz-node-cli/node_modules/ora readable-stream@3.6.2 OK for: bl@4.1.0 want: ^3.4.0
762 silly reify mark retired [ '/usr/lib/node_modules/rivalz-node-cli', '/usr/bin/rivalz' ]
763 silly reify moves {
763 silly reify   '/usr/lib/node_modules/rivalz-node-cli': '/usr/lib/node_modules/.rivalz-node-cli-REPG4O8U',
763 silly reify   '/usr/bin/rivalz': '/usr/bin/.rivalz-Puf4S5FT'
763 silly reify }
764 silly tarball no local data for rivalz-node-cli@https://registry.npmjs.org/rivalz-node-cli/-/rivalz-node-cli-2.6.1.tgz. Extracting by manifest.
765 silly tarball no local data for whatwg-encoding@https://registry.npmjs.org/whatwg-encoding/-/whatwg-encoding-3.1.1.tgz. Extracting by manifest.
766 silly tarball no local data for entities@https://registry.npmjs.org/entities/-/entities-4.5.0.tgz. Extracting by manifest.
767 silly tarball no local data for domelementtype@https://registry.npmjs.org/domelementtype/-/domelementtype-2.3.0.tgz. Extracting by manifest.
768 silly tarball no local data for nth-check@https://registry.npmjs.org/nth-check/-/nth-check-2.1.1.tgz. Extracting by manifest.
769 silly tarball no local data for css-what@https://registry.npmjs.org/css-what/-/css-what-6.1.0.tgz. Extracting by manifest.
770 silly tarball no local data for css-select@https://registry.npmjs.org/css-select/-/css-select-5.1.0.tgz. Extracting by manifest.
771 silly tarball no local data for boolbase@https://registry.npmjs.org/boolbase/-/boolbase-1.0.0.tgz. Extracting by manifest.
772 silly tarball no local data for parse5-parser-stream@https://registry.npmjs.org/parse5-parser-stream/-/parse5-parser-stream-7.1.2.tgz. Extracting by manifest.
773 silly tarball no local data for whatwg-mimetype@https://registry.npmjs.org/whatwg-mimetype/-/whatwg-mimetype-4.0.0.tgz. Extracting by manifest.
774 silly tarball no local data for undici@https://registry.npmjs.org/undici/-/undici-6.19.8.tgz. Extracting by manifest.
775 silly tarball no local data for parse5@https://registry.npmjs.org/parse5/-/parse5-7.1.2.tgz. Extracting by manifest.
776 silly tarball no local data for parse5-htmlparser2-tree-adapter@https://registry.npmjs.org/parse5-htmlparser2-tree-adapter/-/parse5-htmlparser2-tree-adapter-7.0.0.tgz. Extracting by manifest.
777 silly tarball no local data for htmlparser2@https://registry.npmjs.org/htmlparser2/-/htmlparser2-9.1.0.tgz. Extracting by manifest.
778 silly tarball no local data for encoding-sniffer@https://registry.npmjs.org/encoding-sniffer/-/encoding-sniffer-0.2.0.tgz. Extracting by manifest.
779 silly tarball no local data for domutils@https://registry.npmjs.org/domutils/-/domutils-3.1.0.tgz. Extracting by manifest.
780 silly tarball no local data for domhandler@https://registry.npmjs.org/domhandler/-/domhandler-5.0.3.tgz. Extracting by manifest.
781 silly tarball no local data for dom-serializer@https://registry.npmjs.org/dom-serializer/-/dom-serializer-2.0.0.tgz. Extracting by manifest.
782 silly tarball no local data for cheerio-select@https://registry.npmjs.org/cheerio-select/-/cheerio-select-2.1.0.tgz. Extracting by manifest.
783 silly tarball no local data for cheerio@https://registry.npmjs.org/cheerio/-/cheerio-1.0.0.tgz. Extracting by manifest.
784 silly tarball no local data for iconv-lite@https://registry.npmjs.org/iconv-lite/-/iconv-lite-0.6.3.tgz. Extracting by manifest.
785 http fetch GET 200 https://registry.npmjs.org/whatwg-encoding/-/whatwg-encoding-3.1.1.tgz 535ms (cache miss)
786 http fetch GET 200 https://registry.npmjs.org/dom-serializer/-/dom-serializer-2.0.0.tgz 564ms (cache miss)
787 http fetch GET 200 https://registry.npmjs.org/domhandler/-/domhandler-5.0.3.tgz 564ms (cache miss)
788 http fetch GET 200 https://registry.npmjs.org/cheerio-select/-/cheerio-select-2.1.0.tgz 571ms (cache miss)
789 http fetch GET 200 https://registry.npmjs.org/boolbase/-/boolbase-1.0.0.tgz 597ms (cache miss)
790 http fetch GET 200 https://registry.npmjs.org/domelementtype/-/domelementtype-2.3.0.tgz 604ms (cache miss)
791 http fetch GET 200 https://registry.npmjs.org/parse5-htmlparser2-tree-adapter/-/parse5-htmlparser2-tree-adapter-7.0.0.tgz 600ms (cache miss)
792 http fetch GET 200 https://registry.npmjs.org/parse5-parser-stream/-/parse5-parser-stream-7.1.2.tgz 603ms (cache miss)
793 http fetch GET 200 https://registry.npmjs.org/whatwg-mimetype/-/whatwg-mimetype-4.0.0.tgz 653ms (cache miss)
794 http fetch GET 200 https://registry.npmjs.org/nth-check/-/nth-check-2.1.1.tgz 699ms (cache miss)
795 http fetch GET 200 https://registry.npmjs.org/css-what/-/css-what-6.1.0.tgz 711ms (cache miss)
796 http fetch GET 200 https://registry.npmjs.org/encoding-sniffer/-/encoding-sniffer-0.2.0.tgz 746ms (cache miss)
797 http fetch GET 200 https://registry.npmjs.org/iconv-lite/-/iconv-lite-0.6.3.tgz 781ms (cache miss)
798 http fetch GET 200 https://registry.npmjs.org/htmlparser2/-/htmlparser2-9.1.0.tgz 795ms (cache miss)
799 http fetch GET 200 https://registry.npmjs.org/domutils/-/domutils-3.1.0.tgz 806ms (cache miss)
800 http fetch GET 200 https://registry.npmjs.org/entities/-/entities-4.5.0.tgz 844ms (cache miss)
801 http fetch GET 200 https://registry.npmjs.org/css-select/-/css-select-5.1.0.tgz 906ms (cache miss)
802 http fetch GET 200 https://registry.npmjs.org/parse5/-/parse5-7.1.2.tgz 956ms (cache miss)
803 http fetch GET 200 https://registry.npmjs.org/rivalz-node-cli/-/rivalz-node-cli-2.6.1.tgz 972ms (cache miss)
804 http fetch GET 200 https://registry.npmjs.org/undici/-/undici-6.19.8.tgz 1072ms (cache miss)
805 http fetch GET 200 https://registry.npmjs.org/cheerio/-/cheerio-1.0.0.tgz 1077ms (cache miss)
806 silly CHANGE node_modules/rivalz-node-cli
807 silly ADD node_modules/rivalz-node-cli/node_modules/whatwg-encoding
808 silly ADD node_modules/rivalz-node-cli/node_modules/entities
809 silly ADD node_modules/rivalz-node-cli/node_modules/nth-check
810 silly ADD node_modules/rivalz-node-cli/node_modules/domelementtype
811 silly ADD node_modules/rivalz-node-cli/node_modules/css-what
812 silly ADD node_modules/rivalz-node-cli/node_modules/css-select
813 silly ADD node_modules/rivalz-node-cli/node_modules/boolbase
814 silly ADD node_modules/rivalz-node-cli/node_modules/whatwg-mimetype
815 silly ADD node_modules/rivalz-node-cli/node_modules/undici
816 silly ADD node_modules/rivalz-node-cli/node_modules/parse5-parser-stream
817 silly ADD node_modules/rivalz-node-cli/node_modules/parse5-htmlparser2-tree-adapter
818 silly ADD node_modules/rivalz-node-cli/node_modules/parse5
819 silly ADD node_modules/rivalz-node-cli/node_modules/htmlparser2
820 silly ADD node_modules/rivalz-node-cli/node_modules/encoding-sniffer
821 silly ADD node_modules/rivalz-node-cli/node_modules/domutils
822 silly ADD node_modules/rivalz-node-cli/node_modules/domhandler
823 silly ADD node_modules/rivalz-node-cli/node_modules/dom-serializer
824 silly ADD node_modules/rivalz-node-cli/node_modules/cheerio-select
825 silly ADD node_modules/rivalz-node-cli/node_modules/cheerio
826 silly CHANGE node_modules/rivalz-node-cli/node_modules/@noble/curves
827 silly CHANGE node_modules/rivalz-node-cli/node_modules/@types/ws
828 silly CHANGE node_modules/rivalz-node-cli/node_modules/@types/wrap-ansi
829 silly CHANGE node_modules/rivalz-node-cli/node_modules/@types/mute-stream
830 silly CHANGE node_modules/rivalz-node-cli/node_modules/@types/node
831 silly CHANGE node_modules/rivalz-node-cli/node_modules/@types/readable-stream
832 silly CHANGE node_modules/rivalz-node-cli/node_modules/@noble/hashes
833 silly CHANGE node_modules/rivalz-node-cli/node_modules/@inquirer/type
834 silly CHANGE node_modules/rivalz-node-cli/node_modules/concat-stream
835 silly CHANGE node_modules/rivalz-node-cli/node_modules/concat-stream/node_modules/readable-stream
836 silly CHANGE node_modules/rivalz-node-cli/node_modules/js-sdsl
837 silly CHANGE node_modules/rivalz-node-cli/node_modules/@inquirer/select
838 silly CHANGE node_modules/rivalz-node-cli/node_modules/@inquirer/rawlist
839 silly CHANGE node_modules/rivalz-node-cli/node_modules/@inquirer/search
840 silly CHANGE node_modules/rivalz-node-cli/node_modules/@inquirer/prompts
841 silly CHANGE node_modules/rivalz-node-cli/node_modules/@inquirer/number
842 silly CHANGE node_modules/rivalz-node-cli/node_modules/@inquirer/password
843 silly CHANGE node_modules/rivalz-node-cli/node_modules/@inquirer/input
844 silly CHANGE node_modules/rivalz-node-cli/node_modules/@inquirer/expand
845 silly CHANGE node_modules/rivalz-node-cli/node_modules/@inquirer/figures
846 silly CHANGE node_modules/rivalz-node-cli/node_modules/@inquirer/editor
847 silly CHANGE node_modules/rivalz-node-cli/node_modules/@inquirer/confirm
848 silly CHANGE node_modules/rivalz-node-cli/node_modules/@inquirer/core
849 silly CHANGE node_modules/rivalz-node-cli/node_modules/@inquirer/core/node_modules/@types/node
850 silly CHANGE node_modules/rivalz-node-cli/node_modules/@inquirer/checkbox
851 silly CHANGE node_modules/rivalz-node-cli/node_modules/@babel/runtime
852 silly CHANGE node_modules/rivalz-node-cli/node_modules/@adraffy/ens-normalize
853 silly CHANGE node_modules/rivalz-node-cli/node_modules/yoctocolors-cjs
854 silly CHANGE node_modules/rivalz-node-cli/node_modules/ws
855 silly CHANGE node_modules/rivalz-node-cli/node_modules/wrap-ansi
856 silly CHANGE node_modules/rivalz-node-cli/node_modules/worker-timers-worker
857 silly CHANGE node_modules/rivalz-node-cli/node_modules/worker-timers-worker/node_modules/tslib
858 silly CHANGE node_modules/rivalz-node-cli/node_modules/worker-timers-broker
859 silly CHANGE node_modules/rivalz-node-cli/node_modules/worker-timers-broker/node_modules/tslib
860 silly CHANGE node_modules/rivalz-node-cli/node_modules/worker-timers
861 silly CHANGE node_modules/rivalz-node-cli/node_modules/worker-timers/node_modules/tslib
862 silly CHANGE node_modules/rivalz-node-cli/node_modules/wcwidth
863 silly CHANGE node_modules/rivalz-node-cli/node_modules/util-deprecate
864 silly CHANGE node_modules/rivalz-node-cli/node_modules/undici-types
865 silly CHANGE node_modules/rivalz-node-cli/node_modules/typedarray
866 silly CHANGE node_modules/rivalz-node-cli/node_modules/tslib
867 silly CHANGE node_modules/rivalz-node-cli/node_modules/type-fest
868 silly CHANGE node_modules/rivalz-node-cli/node_modules/supports-color
869 silly CHANGE node_modules/rivalz-node-cli/node_modules/strip-ansi
870 silly CHANGE node_modules/rivalz-node-cli/node_modules/tmp
871 silly CHANGE node_modules/rivalz-node-cli/node_modules/systeminformation
872 silly CHANGE node_modules/rivalz-node-cli/node_modules/string_decoder
873 silly CHANGE node_modules/rivalz-node-cli/node_modules/string_decoder/node_modules/safe-buffer
874 silly CHANGE node_modules/rivalz-node-cli/node_modules/string-width
875 silly CHANGE node_modules/rivalz-node-cli/node_modules/signal-exit
876 silly CHANGE node_modules/rivalz-node-cli/node_modules/split2
877 silly CHANGE node_modules/rivalz-node-cli/node_modules/safer-buffer
878 silly CHANGE node_modules/rivalz-node-cli/node_modules/safe-buffer
879 silly CHANGE node_modules/rivalz-node-cli/node_modules/rxjs
880 silly CHANGE node_modules/rivalz-node-cli/node_modules/run-async
881 silly CHANGE node_modules/rivalz-node-cli/node_modules/rfdc
882 silly CHANGE node_modules/rivalz-node-cli/node_modules/restore-cursor
883 silly CHANGE node_modules/rivalz-node-cli/node_modules/restore-cursor/node_modules/signal-exit
884 silly CHANGE node_modules/rivalz-node-cli/node_modules/reinterval
885 silly CHANGE node_modules/rivalz-node-cli/node_modules/regenerator-runtime
886 silly CHANGE node_modules/rivalz-node-cli/node_modules/proxy-from-env
887 silly CHANGE node_modules/rivalz-node-cli/node_modules/readable-stream
888 silly CHANGE node_modules/rivalz-node-cli/node_modules/process-nextick-args
889 silly CHANGE node_modules/rivalz-node-cli/node_modules/process
890 silly CHANGE node_modules/rivalz-node-cli/node_modules/os-tmpdir
891 silly CHANGE node_modules/rivalz-node-cli/node_modules/ora
892 silly CHANGE node_modules/rivalz-node-cli/node_modules/ora/node_modules/readable-stream
893 silly CHANGE node_modules/rivalz-node-cli/node_modules/ora/node_modules/bl
894 silly CHANGE node_modules/rivalz-node-cli/node_modules/ora/node_modules/buffer
895 silly CHANGE node_modules/rivalz-node-cli/node_modules/onetime
896 silly CHANGE node_modules/rivalz-node-cli/node_modules/number-allocator
897 silly CHANGE node_modules/rivalz-node-cli/node_modules/node-machine-id
898 silly CHANGE node_modules/rivalz-node-cli/node_modules/ms
899 silly CHANGE node_modules/rivalz-node-cli/node_modules/mute-stream
900 silly CHANGE node_modules/rivalz-node-cli/node_modules/mqtt-packet
901 silly CHANGE node_modules/rivalz-node-cli/node_modules/mqtt
902 silly CHANGE node_modules/rivalz-node-cli/node_modules/log-symbols
903 silly CHANGE node_modules/rivalz-node-cli/node_modules/minimist
904 silly CHANGE node_modules/rivalz-node-cli/node_modules/lru-cache
905 silly CHANGE node_modules/rivalz-node-cli/node_modules/mimic-fn
906 silly CHANGE node_modules/rivalz-node-cli/node_modules/mime-db
907 silly CHANGE node_modules/rivalz-node-cli/node_modules/mime-types
908 silly CHANGE node_modules/rivalz-node-cli/node_modules/is-unicode-supported
909 silly CHANGE node_modules/rivalz-node-cli/node_modules/is-interactive
910 silly CHANGE node_modules/rivalz-node-cli/node_modules/is-fullwidth-code-point
911 silly CHANGE node_modules/rivalz-node-cli/node_modules/inquirer
912 silly CHANGE node_modules/rivalz-node-cli/node_modules/inherits
913 silly CHANGE node_modules/rivalz-node-cli/node_modules/ieee754
914 silly CHANGE node_modules/rivalz-node-cli/node_modules/iconv-lite
915 silly CHANGE node_modules/rivalz-node-cli/node_modules/has-flag
916 silly CHANGE node_modules/rivalz-node-cli/node_modules/help-me
917 silly CHANGE node_modules/rivalz-node-cli/node_modules/form-data
918 silly CHANGE node_modules/rivalz-node-cli/node_modules/follow-redirects
919 silly CHANGE node_modules/rivalz-node-cli/node_modules/fast-unique-numbers
920 silly CHANGE node_modules/rivalz-node-cli/node_modules/fast-unique-numbers/node_modules/tslib
921 silly CHANGE node_modules/rivalz-node-cli/node_modules/external-editor
922 silly ADD node_modules/rivalz-node-cli/node_modules/external-editor/node_modules/iconv-lite
923 silly CHANGE node_modules/rivalz-node-cli/node_modules/events
924 silly CHANGE node_modules/rivalz-node-cli/node_modules/ethers
925 silly CHANGE node_modules/rivalz-node-cli/node_modules/event-target-shim
926 silly CHANGE node_modules/rivalz-node-cli/node_modules/emoji-regex
927 silly CHANGE node_modules/rivalz-node-cli/node_modules/delayed-stream
928 silly CHANGE node_modules/rivalz-node-cli/node_modules/debug
929 silly CHANGE node_modules/rivalz-node-cli/node_modules/defaults
930 silly CHANGE node_modules/rivalz-node-cli/node_modules/commist
931 silly CHANGE node_modules/rivalz-node-cli/node_modules/commander
932 silly CHANGE node_modules/rivalz-node-cli/node_modules/color-name
933 silly CHANGE node_modules/rivalz-node-cli/node_modules/combined-stream
934 silly CHANGE node_modules/rivalz-node-cli/node_modules/color-convert
935 silly CHANGE node_modules/rivalz-node-cli/node_modules/buffer-from
936 silly CHANGE node_modules/rivalz-node-cli/node_modules/cli-width
937 silly CHANGE node_modules/rivalz-node-cli/node_modules/clone
938 silly CHANGE node_modules/rivalz-node-cli/node_modules/cli-spinners
939 silly CHANGE node_modules/rivalz-node-cli/node_modules/cli-cursor
940 silly CHANGE node_modules/rivalz-node-cli/node_modules/chardet
941 silly CHANGE node_modules/rivalz-node-cli/node_modules/chalk
942 silly CHANGE node_modules/rivalz-node-cli/node_modules/bl
943 silly CHANGE node_modules/rivalz-node-cli/node_modules/buffer
944 silly CHANGE node_modules/rivalz-node-cli/node_modules/base64-js
945 silly CHANGE node_modules/rivalz-node-cli/node_modules/ansi-styles
946 silly CHANGE node_modules/rivalz-node-cli/node_modules/axios
947 silly CHANGE node_modules/rivalz-node-cli/node_modules/asynckit
948 silly CHANGE node_modules/rivalz-node-cli/node_modules/ansi-regex
949 silly CHANGE node_modules/rivalz-node-cli/node_modules/aes-js
950 silly CHANGE node_modules/rivalz-node-cli/node_modules/abort-controller
951 silly CHANGE node_modules/rivalz-node-cli/node_modules/ansi-escapes
952 verbose cwd /root
953 verbose os Linux 6.5.0-1025-gcp
954 verbose node v20.17.0
955 verbose npm  v10.8.2
956 verbose exit 0
957 info ok
