0 verbose cli /usr/bin/node /usr/bin/npm
1 info using npm@10.8.2
2 info using node@v20.17.0
3 silly config load:file:/usr/lib/node_modules/npm/npmrc
4 silly config load:file:/root/.npmrc
5 silly config load:file:/usr/etc/npmrc
6 verbose title npm i rivalz-node-cli@2.4.0
7 verbose argv "i" "--global" "rivalz-node-cli@2.4.0"
8 verbose logfile logs-max:10 dir:/root/.npm/_logs/2024-08-24T03_08_15_594Z-
9 verbose logfile /root/.npm/_logs/2024-08-24T03_08_15_594Z-debug-0.log
10 silly packumentCache heap:4345298944 maxSize:1086324736 maxEntrySize:543162368
11 silly logfile done cleaning log files
12 silly idealTree buildDeps
13 silly fetch manifest rivalz-node-cli@2.4.0
14 silly packumentCache full:https://registry.npmjs.org/rivalz-node-cli cache-miss
15 http fetch GET 200 https://registry.npmjs.org/npm 185ms
16 http fetch GET 200 https://registry.npmjs.org/rivalz-node-cli 404ms (cache miss)
17 silly packumentCache full:https://registry.npmjs.org/rivalz-node-cli set size:undefined disposed:false
18 silly placeDep ROOT rivalz-node-cli@2.4.0 OK for:  want: 2.4.0
19 silly fetch manifest ora@^5.4.1
20 silly packumentCache full:https://registry.npmjs.org/ora cache-miss
21 silly fetch manifest mqtt@^5.8.1
22 silly packumentCache full:https://registry.npmjs.org/mqtt cache-miss
23 silly fetch manifest axios@^1.7.2
24 silly packumentCache full:https://registry.npmjs.org/axios cache-miss
25 http fetch GET 200 https://registry.npmjs.org/ora 47ms (cache miss)
26 silly packumentCache full:https://registry.npmjs.org/ora set size:undefined disposed:false
27 silly fetch manifest chalk@^4.1.2
28 silly packumentCache full:https://registry.npmjs.org/chalk cache-miss
29 http fetch GET 200 https://registry.npmjs.org/mqtt 58ms (cache miss)
30 silly packumentCache full:https://registry.npmjs.org/mqtt set size:undefined disposed:false
31 silly fetch manifest ethers@^6.13.1
32 silly packumentCache full:https://registry.npmjs.org/ethers cache-miss
33 http fetch GET 200 https://registry.npmjs.org/chalk 50ms (cache miss)
34 silly packumentCache full:https://registry.npmjs.org/chalk set size:undefined disposed:false
35 silly fetch manifest inquirer@^10.1.2
36 silly packumentCache full:https://registry.npmjs.org/inquirer cache-miss
37 http fetch GET 200 https://registry.npmjs.org/ethers 62ms (cache miss)
38 silly packumentCache full:https://registry.npmjs.org/ethers set size:undefined disposed:false
39 silly fetch manifest commander@^12.1.0
40 silly packumentCache full:https://registry.npmjs.org/commander cache-miss
41 http fetch GET 200 https://registry.npmjs.org/axios 151ms (cache miss)
42 silly packumentCache full:https://registry.npmjs.org/axios set size:undefined disposed:false
43 silly fetch manifest node-machine-id@^1.1.12
44 silly packumentCache full:https://registry.npmjs.org/node-machine-id cache-miss
45 http fetch GET 200 https://registry.npmjs.org/inquirer 57ms (cache miss)
46 silly packumentCache full:https://registry.npmjs.org/inquirer set size:undefined disposed:false
47 silly fetch manifest systeminformation@^5.22.11
48 silly packumentCache full:https://registry.npmjs.org/systeminformation cache-miss
49 http fetch GET 200 https://registry.npmjs.org/commander 65ms (cache miss)
50 silly packumentCache full:https://registry.npmjs.org/commander set size:undefined disposed:false
51 http fetch GET 200 https://registry.npmjs.org/node-machine-id 52ms (cache miss)
52 silly packumentCache full:https://registry.npmjs.org/node-machine-id set size:undefined disposed:false
53 http fetch GET 200 https://registry.npmjs.org/systeminformation 65ms (cache miss)
54 silly packumentCache full:https://registry.npmjs.org/systeminformation set size:undefined disposed:false
55 silly placeDep node_modules/rivalz-node-cli axios@1.7.5 OK for: rivalz-node-cli@2.4.0 want: ^1.7.2
56 silly placeDep node_modules/rivalz-node-cli chalk@4.1.2 OK for: rivalz-node-cli@2.4.0 want: ^4.1.2
57 silly placeDep node_modules/rivalz-node-cli commander@12.1.0 OK for: rivalz-node-cli@2.4.0 want: ^12.1.0
58 silly placeDep node_modules/rivalz-node-cli ethers@6.13.2 OK for: rivalz-node-cli@2.4.0 want: ^6.13.1
59 silly placeDep node_modules/rivalz-node-cli inquirer@10.1.8 OK for: rivalz-node-cli@2.4.0 want: ^10.1.2
60 silly placeDep node_modules/rivalz-node-cli mqtt@5.10.0 OK for: rivalz-node-cli@2.4.0 want: ^5.8.1
61 silly placeDep node_modules/rivalz-node-cli node-machine-id@1.1.12 OK for: rivalz-node-cli@2.4.0 want: ^1.1.12
62 silly placeDep node_modules/rivalz-node-cli ora@5.4.1 OK for: rivalz-node-cli@2.4.0 want: ^5.4.1
63 silly placeDep node_modules/rivalz-node-cli systeminformation@5.23.5 OK for: rivalz-node-cli@2.4.0 want: ^5.22.11
64 silly fetch manifest follow-redirects@^1.15.6
65 silly packumentCache full:https://registry.npmjs.org/follow-redirects cache-miss
66 silly fetch manifest form-data@^4.0.0
67 silly packumentCache full:https://registry.npmjs.org/form-data cache-miss
68 silly fetch manifest proxy-from-env@^1.1.0
69 silly packumentCache full:https://registry.npmjs.org/proxy-from-env cache-miss
70 http fetch GET 200 https://registry.npmjs.org/proxy-from-env 47ms (cache miss)
71 silly packumentCache full:https://registry.npmjs.org/proxy-from-env set size:undefined disposed:false
72 silly fetch manifest ansi-styles@^4.1.0
73 silly packumentCache full:https://registry.npmjs.org/ansi-styles cache-miss
74 http fetch GET 200 https://registry.npmjs.org/form-data 51ms (cache miss)
75 silly packumentCache full:https://registry.npmjs.org/form-data set size:undefined disposed:false
76 silly fetch manifest supports-color@^7.1.0
77 silly packumentCache full:https://registry.npmjs.org/supports-color cache-miss
78 http fetch GET 200 https://registry.npmjs.org/follow-redirects 55ms (cache miss)
79 silly packumentCache full:https://registry.npmjs.org/follow-redirects set size:undefined disposed:false
80 silly fetch manifest ws@8.17.1
81 silly packumentCache full:https://registry.npmjs.org/ws cache-miss
82 http fetch GET 200 https://registry.npmjs.org/supports-color 50ms (cache miss)
83 silly packumentCache full:https://registry.npmjs.org/supports-color set size:undefined disposed:false
84 silly fetch manifest tslib@2.4.0
85 silly packumentCache full:https://registry.npmjs.org/tslib cache-miss
86 http fetch GET 200 https://registry.npmjs.org/ansi-styles 60ms (cache miss)
87 silly packumentCache full:https://registry.npmjs.org/ansi-styles set size:undefined disposed:false
88 silly fetch manifest aes-js@4.0.0-beta.5
89 silly packumentCache full:https://registry.npmjs.org/aes-js cache-miss
90 http fetch GET 200 https://registry.npmjs.org/ws 56ms (cache miss)
91 silly packumentCache full:https://registry.npmjs.org/ws set size:undefined disposed:false
92 silly fetch manifest @types/node@18.15.13
93 silly packumentCache full:https://registry.npmjs.org/@types%2fnode cache-miss
94 http fetch GET 200 https://registry.npmjs.org/tslib 46ms (cache miss)
95 silly packumentCache full:https://registry.npmjs.org/tslib set size:undefined disposed:false
96 silly fetch manifest @noble/curves@1.2.0
97 silly packumentCache full:https://registry.npmjs.org/@noble%2fcurves cache-miss
98 http fetch GET 200 https://registry.npmjs.org/aes-js 43ms (cache miss)
99 silly packumentCache full:https://registry.npmjs.org/aes-js set size:undefined disposed:false
100 silly fetch manifest @noble/hashes@1.3.2
101 silly packumentCache full:https://registry.npmjs.org/@noble%2fhashes cache-miss
102 http fetch GET 200 https://registry.npmjs.org/@noble%2fhashes 79ms (cache miss)
103 silly packumentCache full:https://registry.npmjs.org/@noble%2fhashes set size:undefined disposed:false
104 silly fetch manifest @adraffy/ens-normalize@1.10.1
105 silly packumentCache full:https://registry.npmjs.org/@adraffy%2fens-normalize cache-miss
106 http fetch GET 200 https://registry.npmjs.org/@noble%2fcurves 86ms (cache miss)
107 silly packumentCache full:https://registry.npmjs.org/@noble%2fcurves set size:undefined disposed:false
108 silly fetch manifest @inquirer/prompts@^5.3.8
109 silly packumentCache full:https://registry.npmjs.org/@inquirer%2fprompts cache-miss
110 http fetch GET 200 https://registry.npmjs.org/@types%2fnode 155ms (cache miss)
111 silly packumentCache full:https://registry.npmjs.org/@types%2fnode set size:undefined disposed:false
112 silly fetch manifest @inquirer/type@^1.5.2
113 silly packumentCache full:https://registry.npmjs.org/@inquirer%2ftype cache-miss
114 http fetch GET 200 https://registry.npmjs.org/@adraffy%2fens-normalize 122ms (cache miss)
115 silly packumentCache full:https://registry.npmjs.org/@adraffy%2fens-normalize set size:undefined disposed:false
116 silly fetch manifest @types/mute-stream@^0.0.4
117 silly packumentCache full:https://registry.npmjs.org/@types%2fmute-stream cache-miss
118 http fetch GET 200 https://registry.npmjs.org/@inquirer%2fprompts 120ms (cache miss)
119 silly packumentCache full:https://registry.npmjs.org/@inquirer%2fprompts set size:undefined disposed:false
120 silly fetch manifest ansi-escapes@^4.3.2
121 silly packumentCache full:https://registry.npmjs.org/ansi-escapes cache-miss
122 http fetch GET 200 https://registry.npmjs.org/ansi-escapes 38ms (cache miss)
123 silly packumentCache full:https://registry.npmjs.org/ansi-escapes set size:undefined disposed:false
124 silly fetch manifest mute-stream@^1.0.0
125 silly packumentCache full:https://registry.npmjs.org/mute-stream cache-miss
126 http fetch GET 200 https://registry.npmjs.org/@inquirer%2ftype 69ms (cache miss)
127 silly packumentCache full:https://registry.npmjs.org/@inquirer%2ftype set size:undefined disposed:false
128 silly fetch manifest run-async@^3.0.0
129 silly packumentCache full:https://registry.npmjs.org/run-async cache-miss
130 http fetch GET 200 https://registry.npmjs.org/@types%2fmute-stream 59ms (cache miss)
131 silly packumentCache full:https://registry.npmjs.org/@types%2fmute-stream set size:undefined disposed:false
132 silly fetch manifest rxjs@^7.8.1
133 silly packumentCache full:https://registry.npmjs.org/rxjs cache-miss
134 http fetch GET 200 https://registry.npmjs.org/mute-stream 33ms (cache miss)
135 silly packumentCache full:https://registry.npmjs.org/mute-stream set size:undefined disposed:false
136 silly fetch manifest @types/readable-stream@^4.0.5
137 silly packumentCache full:https://registry.npmjs.org/@types%2freadable-stream cache-miss
138 http fetch GET 200 https://registry.npmjs.org/run-async 35ms (cache miss)
139 silly packumentCache full:https://registry.npmjs.org/run-async set size:undefined disposed:false
140 silly fetch manifest @types/ws@^8.5.9
141 silly packumentCache full:https://registry.npmjs.org/@types%2fws cache-miss
142 http fetch GET 200 https://registry.npmjs.org/rxjs 61ms (cache miss)
143 silly packumentCache full:https://registry.npmjs.org/rxjs set size:undefined disposed:false
144 silly fetch manifest commist@^3.2.0
145 silly packumentCache full:https://registry.npmjs.org/commist cache-miss
146 http fetch GET 200 https://registry.npmjs.org/@types%2freadable-stream 61ms (cache miss)
147 silly packumentCache full:https://registry.npmjs.org/@types%2freadable-stream set size:undefined disposed:false
148 silly fetch manifest concat-stream@^2.0.0
149 silly packumentCache full:https://registry.npmjs.org/concat-stream cache-miss
150 http fetch GET 200 https://registry.npmjs.org/@types%2fws 57ms (cache miss)
151 silly packumentCache full:https://registry.npmjs.org/@types%2fws set size:undefined disposed:false
152 silly fetch manifest debug@^4.3.4
153 silly packumentCache full:https://registry.npmjs.org/debug cache-miss
154 http fetch GET 200 https://registry.npmjs.org/commist 39ms (cache miss)
155 silly packumentCache full:https://registry.npmjs.org/commist set size:undefined disposed:false
156 silly fetch manifest help-me@^5.0.0
157 silly packumentCache full:https://registry.npmjs.org/help-me cache-miss
158 http fetch GET 200 https://registry.npmjs.org/concat-stream 41ms (cache miss)
159 silly packumentCache full:https://registry.npmjs.org/concat-stream set size:undefined disposed:false
160 silly fetch manifest lru-cache@^10.0.1
161 silly packumentCache full:https://registry.npmjs.org/lru-cache cache-miss
162 http fetch GET 200 https://registry.npmjs.org/debug 41ms (cache miss)
163 silly packumentCache full:https://registry.npmjs.org/debug set size:undefined disposed:false
164 silly fetch manifest minimist@^1.2.8
165 silly packumentCache full:https://registry.npmjs.org/minimist cache-miss
166 http fetch GET 200 https://registry.npmjs.org/help-me 35ms (cache miss)
167 silly packumentCache full:https://registry.npmjs.org/help-me set size:undefined disposed:false
168 silly fetch manifest mqtt-packet@^9.0.0
169 silly packumentCache full:https://registry.npmjs.org/mqtt-packet cache-miss
170 http fetch GET 200 https://registry.npmjs.org/minimist 42ms (cache miss)
171 silly packumentCache full:https://registry.npmjs.org/minimist set size:undefined disposed:false
172 silly fetch manifest number-allocator@^1.0.14
173 silly packumentCache full:https://registry.npmjs.org/number-allocator cache-miss
174 http fetch GET 200 https://registry.npmjs.org/lru-cache 58ms (cache miss)
175 silly packumentCache full:https://registry.npmjs.org/lru-cache set size:undefined disposed:false
176 silly fetch manifest readable-stream@^4.4.2
177 silly packumentCache full:https://registry.npmjs.org/readable-stream cache-miss
178 http fetch GET 200 https://registry.npmjs.org/mqtt-packet 46ms (cache miss)
179 silly packumentCache full:https://registry.npmjs.org/mqtt-packet set size:undefined disposed:false
180 silly fetch manifest reinterval@^1.1.0
181 silly packumentCache full:https://registry.npmjs.org/reinterval cache-miss
182 http fetch GET 200 https://registry.npmjs.org/number-allocator 34ms (cache miss)
183 silly packumentCache full:https://registry.npmjs.org/number-allocator set size:undefined disposed:false
184 silly fetch manifest rfdc@^1.3.0
185 silly packumentCache full:https://registry.npmjs.org/rfdc cache-miss
186 http fetch GET 200 https://registry.npmjs.org/reinterval 36ms (cache miss)
187 silly packumentCache full:https://registry.npmjs.org/reinterval set size:undefined disposed:false
188 silly fetch manifest split2@^4.2.0
189 silly packumentCache full:https://registry.npmjs.org/split2 cache-miss
190 http fetch GET 200 https://registry.npmjs.org/readable-stream 48ms (cache miss)
191 silly packumentCache full:https://registry.npmjs.org/readable-stream set size:undefined disposed:false
192 silly fetch manifest worker-timers@^7.1.4
193 silly packumentCache full:https://registry.npmjs.org/worker-timers cache-miss
194 http fetch GET 200 https://registry.npmjs.org/rfdc 35ms (cache miss)
195 silly packumentCache full:https://registry.npmjs.org/rfdc set size:undefined disposed:false
196 silly fetch manifest ws@^8.17.1
197 silly packumentCache full:https://registry.npmjs.org/ws cache-miss
198 http fetch GET 200 https://registry.npmjs.org/ws 6ms (cache hit)
199 silly packumentCache full:https://registry.npmjs.org/ws set size:403597 disposed:false
200 silly fetch manifest bl@^4.1.0
201 silly packumentCache full:https://registry.npmjs.org/bl cache-miss
202 http fetch GET 200 https://registry.npmjs.org/split2 40ms (cache miss)
203 silly packumentCache full:https://registry.npmjs.org/split2 set size:undefined disposed:false
204 silly fetch manifest wcwidth@^1.0.1
205 silly packumentCache full:https://registry.npmjs.org/wcwidth cache-miss
206 http fetch GET 200 https://registry.npmjs.org/bl 38ms (cache miss)
207 silly packumentCache full:https://registry.npmjs.org/bl set size:undefined disposed:false
208 silly fetch manifest cli-cursor@^3.1.0
209 silly packumentCache full:https://registry.npmjs.org/cli-cursor cache-miss
210 http fetch GET 200 https://registry.npmjs.org/wcwidth 35ms (cache miss)
211 silly packumentCache full:https://registry.npmjs.org/wcwidth set size:undefined disposed:false
212 silly fetch manifest strip-ansi@^6.0.0
213 silly packumentCache full:https://registry.npmjs.org/strip-ansi cache-miss
214 http fetch GET 200 https://registry.npmjs.org/cli-cursor 41ms (cache miss)
215 silly packumentCache full:https://registry.npmjs.org/cli-cursor set size:undefined disposed:false
216 silly fetch manifest log-symbols@^4.1.0
217 silly packumentCache full:https://registry.npmjs.org/log-symbols cache-miss
218 http fetch GET 200 https://registry.npmjs.org/strip-ansi 40ms (cache miss)
219 silly packumentCache full:https://registry.npmjs.org/strip-ansi set size:undefined disposed:false
220 silly fetch manifest cli-spinners@^2.5.0
221 silly packumentCache full:https://registry.npmjs.org/cli-spinners cache-miss
222 http fetch GET 200 https://registry.npmjs.org/log-symbols 36ms (cache miss)
223 silly packumentCache full:https://registry.npmjs.org/log-symbols set size:undefined disposed:false
224 silly fetch manifest is-interactive@^1.0.0
225 silly packumentCache full:https://registry.npmjs.org/is-interactive cache-miss
226 http fetch GET 200 https://registry.npmjs.org/cli-spinners 35ms (cache miss)
227 silly packumentCache full:https://registry.npmjs.org/cli-spinners set size:undefined disposed:false
228 silly fetch manifest is-unicode-supported@^0.1.0
229 silly packumentCache full:https://registry.npmjs.org/is-unicode-supported cache-miss
230 http fetch GET 200 https://registry.npmjs.org/is-interactive 35ms (cache miss)
231 silly packumentCache full:https://registry.npmjs.org/is-interactive set size:undefined disposed:false
232 http fetch GET 200 https://registry.npmjs.org/is-unicode-supported 44ms (cache miss)
233 silly packumentCache full:https://registry.npmjs.org/is-unicode-supported set size:undefined disposed:false
234 http fetch GET 200 https://registry.npmjs.org/worker-timers 347ms (cache miss)
235 silly packumentCache full:https://registry.npmjs.org/worker-timers set size:undefined disposed:false
236 silly placeDep node_modules/rivalz-node-cli follow-redirects@1.15.6 OK for: axios@1.7.5 want: ^1.15.6
237 silly placeDep node_modules/rivalz-node-cli form-data@4.0.0 OK for: axios@1.7.5 want: ^4.0.0
238 silly placeDep node_modules/rivalz-node-cli proxy-from-env@1.1.0 OK for: axios@1.7.5 want: ^1.1.0
239 silly fetch manifest asynckit@^0.4.0
240 silly packumentCache full:https://registry.npmjs.org/asynckit cache-miss
241 silly fetch manifest combined-stream@^1.0.8
242 silly packumentCache full:https://registry.npmjs.org/combined-stream cache-miss
243 silly fetch manifest mime-types@^2.1.12
244 silly packumentCache full:https://registry.npmjs.org/mime-types cache-miss
245 http fetch GET 200 https://registry.npmjs.org/combined-stream 42ms (cache miss)
246 silly packumentCache full:https://registry.npmjs.org/combined-stream set size:undefined disposed:false
247 http fetch GET 200 https://registry.npmjs.org/mime-types 47ms (cache miss)
248 silly packumentCache full:https://registry.npmjs.org/mime-types set size:undefined disposed:false
249 http fetch GET 200 https://registry.npmjs.org/asynckit 66ms (cache miss)
250 silly packumentCache full:https://registry.npmjs.org/asynckit set size:undefined disposed:false
251 silly placeDep node_modules/rivalz-node-cli ansi-styles@4.3.0 OK for: chalk@4.1.2 want: ^4.1.0
252 silly placeDep node_modules/rivalz-node-cli supports-color@7.2.0 OK for: chalk@4.1.2 want: ^7.1.0
253 silly fetch manifest color-convert@^2.0.1
254 silly packumentCache full:https://registry.npmjs.org/color-convert cache-miss
255 silly fetch manifest has-flag@^4.0.0
256 silly packumentCache full:https://registry.npmjs.org/has-flag cache-miss
257 http fetch GET 200 https://registry.npmjs.org/color-convert 40ms (cache miss)
258 silly packumentCache full:https://registry.npmjs.org/color-convert set size:undefined disposed:false
259 http fetch GET 200 https://registry.npmjs.org/has-flag 46ms (cache miss)
260 silly packumentCache full:https://registry.npmjs.org/has-flag set size:undefined disposed:false
261 silly placeDep node_modules/rivalz-node-cli color-convert@2.0.1 OK for: ansi-styles@4.3.0 want: ^2.0.1
262 silly fetch manifest color-name@~1.1.4
263 silly packumentCache full:https://registry.npmjs.org/color-name cache-miss
264 http fetch GET 200 https://registry.npmjs.org/color-name 39ms (cache miss)
265 silly packumentCache full:https://registry.npmjs.org/color-name set size:undefined disposed:false
266 silly placeDep node_modules/rivalz-node-cli color-name@1.1.4 OK for: color-convert@2.0.1 want: ~1.1.4
267 silly fetch manifest bufferutil@^4.0.1
268 silly packumentCache full:https://registry.npmjs.org/bufferutil cache-miss
269 http fetch GET 200 https://registry.npmjs.org/bufferutil 41ms (cache miss)
270 silly packumentCache full:https://registry.npmjs.org/bufferutil set size:undefined disposed:false
271 silly fetch manifest utf-8-validate@>=5.0.2
272 silly packumentCache full:https://registry.npmjs.org/utf-8-validate cache-miss
273 http fetch GET 200 https://registry.npmjs.org/utf-8-validate 37ms (cache miss)
274 silly packumentCache full:https://registry.npmjs.org/utf-8-validate set size:undefined disposed:false
275 silly placeDep node_modules/rivalz-node-cli @adraffy/ens-normalize@1.10.1 OK for: ethers@6.13.2 want: 1.10.1
276 silly placeDep node_modules/rivalz-node-cli @noble/curves@1.2.0 OK for: ethers@6.13.2 want: 1.2.0
277 silly placeDep node_modules/rivalz-node-cli @noble/hashes@1.3.2 OK for: ethers@6.13.2 want: 1.3.2
278 silly placeDep node_modules/rivalz-node-cli @types/node@18.15.13 OK for: ethers@6.13.2 want: 18.15.13
279 silly placeDep node_modules/rivalz-node-cli aes-js@4.0.0-beta.5 OK for: ethers@6.13.2 want: 4.0.0-beta.5
280 silly placeDep node_modules/rivalz-node-cli tslib@2.4.0 OK for: ethers@6.13.2 want: 2.4.0
281 silly placeDep node_modules/rivalz-node-cli ws@8.17.1 OK for: ethers@6.13.2 want: 8.17.1
282 silly placeDep node_modules/rivalz-node-cli asynckit@0.4.0 OK for: form-data@4.0.0 want: ^0.4.0
283 silly placeDep node_modules/rivalz-node-cli combined-stream@1.0.8 OK for: form-data@4.0.0 want: ^1.0.8
284 silly placeDep node_modules/rivalz-node-cli mime-types@2.1.35 OK for: form-data@4.0.0 want: ^2.1.12
285 silly fetch manifest delayed-stream@~1.0.0
286 silly packumentCache full:https://registry.npmjs.org/delayed-stream cache-miss
287 silly fetch manifest mime-db@1.52.0
288 silly packumentCache full:https://registry.npmjs.org/mime-db cache-miss
289 http fetch GET 200 https://registry.npmjs.org/mime-db 46ms (cache miss)
290 silly packumentCache full:https://registry.npmjs.org/mime-db set size:undefined disposed:false
291 http fetch GET 200 https://registry.npmjs.org/delayed-stream 49ms (cache miss)
292 silly packumentCache full:https://registry.npmjs.org/delayed-stream set size:undefined disposed:false
293 silly placeDep node_modules/rivalz-node-cli delayed-stream@1.0.0 OK for: combined-stream@1.0.8 want: ~1.0.0
294 silly placeDep node_modules/rivalz-node-cli @inquirer/prompts@5.3.8 OK for: inquirer@10.1.8 want: ^5.3.8
295 silly placeDep node_modules/rivalz-node-cli @inquirer/type@1.5.2 OK for: inquirer@10.1.8 want: ^1.5.2
296 silly placeDep node_modules/rivalz-node-cli @types/mute-stream@0.0.4 OK for: inquirer@10.1.8 want: ^0.0.4
297 silly placeDep node_modules/rivalz-node-cli ansi-escapes@4.3.2 OK for: inquirer@10.1.8 want: ^4.3.2
298 silly placeDep node_modules/rivalz-node-cli mute-stream@1.0.0 OK for: inquirer@10.1.8 want: ^1.0.0
299 silly placeDep node_modules/rivalz-node-cli run-async@3.0.0 OK for: inquirer@10.1.8 want: ^3.0.0
300 silly placeDep node_modules/rivalz-node-cli rxjs@7.8.1 OK for: inquirer@10.1.8 want: ^7.8.1
301 silly fetch manifest @inquirer/checkbox@^2.4.7
302 silly packumentCache full:https://registry.npmjs.org/@inquirer%2fcheckbox cache-miss
303 silly fetch manifest @inquirer/confirm@^3.1.22
304 silly packumentCache full:https://registry.npmjs.org/@inquirer%2fconfirm cache-miss
305 silly fetch manifest @inquirer/editor@^2.1.22
306 silly packumentCache full:https://registry.npmjs.org/@inquirer%2feditor cache-miss
307 http fetch GET 200 https://registry.npmjs.org/@inquirer%2fconfirm 74ms (cache miss)
308 silly packumentCache full:https://registry.npmjs.org/@inquirer%2fconfirm set size:undefined disposed:false
309 silly fetch manifest @inquirer/expand@^2.1.22
310 silly packumentCache full:https://registry.npmjs.org/@inquirer%2fexpand cache-miss
311 http fetch GET 200 https://registry.npmjs.org/@inquirer%2fcheckbox 82ms (cache miss)
312 silly packumentCache full:https://registry.npmjs.org/@inquirer%2fcheckbox set size:undefined disposed:false
313 silly fetch manifest @inquirer/input@^2.2.9
314 silly packumentCache full:https://registry.npmjs.org/@inquirer%2finput cache-miss
315 http fetch GET 200 https://registry.npmjs.org/@inquirer%2feditor 90ms (cache miss)
316 silly packumentCache full:https://registry.npmjs.org/@inquirer%2feditor set size:undefined disposed:false
317 silly fetch manifest @inquirer/number@^1.0.10
318 silly packumentCache full:https://registry.npmjs.org/@inquirer%2fnumber cache-miss
319 http fetch GET 200 https://registry.npmjs.org/@inquirer%2fexpand 67ms (cache miss)
320 silly packumentCache full:https://registry.npmjs.org/@inquirer%2fexpand set size:undefined disposed:false
321 silly fetch manifest @inquirer/password@^2.1.22
322 silly packumentCache full:https://registry.npmjs.org/@inquirer%2fpassword cache-miss
323 http fetch GET 200 https://registry.npmjs.org/@inquirer%2fnumber 63ms (cache miss)
324 silly packumentCache full:https://registry.npmjs.org/@inquirer%2fnumber set size:undefined disposed:false
325 silly fetch manifest @inquirer/rawlist@^2.2.4
326 silly packumentCache full:https://registry.npmjs.org/@inquirer%2frawlist cache-miss
327 http fetch GET 200 https://registry.npmjs.org/@inquirer%2finput 103ms (cache miss)
328 silly packumentCache full:https://registry.npmjs.org/@inquirer%2finput set size:undefined disposed:false
329 silly fetch manifest @inquirer/search@^1.0.7
330 silly packumentCache full:https://registry.npmjs.org/@inquirer%2fsearch cache-miss
331 http fetch GET 200 https://registry.npmjs.org/@inquirer%2fpassword 72ms (cache miss)
332 silly packumentCache full:https://registry.npmjs.org/@inquirer%2fpassword set size:undefined disposed:false
333 silly fetch manifest @inquirer/select@^2.4.7
334 silly packumentCache full:https://registry.npmjs.org/@inquirer%2fselect cache-miss
335 http fetch GET 200 https://registry.npmjs.org/@inquirer%2frawlist 71ms (cache miss)
336 silly packumentCache full:https://registry.npmjs.org/@inquirer%2frawlist set size:undefined disposed:false
337 silly fetch manifest type-fest@^0.21.3
338 silly packumentCache full:https://registry.npmjs.org/type-fest cache-miss
339 http fetch GET 200 https://registry.npmjs.org/@inquirer%2fsearch 69ms (cache miss)
340 silly packumentCache full:https://registry.npmjs.org/@inquirer%2fsearch set size:undefined disposed:false
341 http fetch GET 200 https://registry.npmjs.org/type-fest 44ms (cache miss)
342 silly packumentCache full:https://registry.npmjs.org/type-fest set size:undefined disposed:false
343 http fetch GET 200 https://registry.npmjs.org/@inquirer%2fselect 64ms (cache miss)
344 silly packumentCache full:https://registry.npmjs.org/@inquirer%2fselect set size:undefined disposed:false
345 silly placeDep node_modules/rivalz-node-cli @inquirer/checkbox@2.4.7 OK for: @inquirer/prompts@5.3.8 want: ^2.4.7
346 silly placeDep node_modules/rivalz-node-cli @inquirer/confirm@3.1.22 OK for: @inquirer/prompts@5.3.8 want: ^3.1.22
347 silly placeDep node_modules/rivalz-node-cli @inquirer/editor@2.1.22 OK for: @inquirer/prompts@5.3.8 want: ^2.1.22
348 silly placeDep node_modules/rivalz-node-cli @inquirer/expand@2.1.22 OK for: @inquirer/prompts@5.3.8 want: ^2.1.22
349 silly placeDep node_modules/rivalz-node-cli @inquirer/input@2.2.9 OK for: @inquirer/prompts@5.3.8 want: ^2.2.9
350 silly placeDep node_modules/rivalz-node-cli @inquirer/number@1.0.10 OK for: @inquirer/prompts@5.3.8 want: ^1.0.10
351 silly placeDep node_modules/rivalz-node-cli @inquirer/password@2.1.22 OK for: @inquirer/prompts@5.3.8 want: ^2.1.22
352 silly placeDep node_modules/rivalz-node-cli @inquirer/rawlist@2.2.4 OK for: @inquirer/prompts@5.3.8 want: ^2.2.4
353 silly placeDep node_modules/rivalz-node-cli @inquirer/search@1.0.7 OK for: @inquirer/prompts@5.3.8 want: ^1.0.7
354 silly placeDep node_modules/rivalz-node-cli @inquirer/select@2.4.7 OK for: @inquirer/prompts@5.3.8 want: ^2.4.7
355 silly fetch manifest @inquirer/core@^9.0.10
356 silly packumentCache full:https://registry.npmjs.org/@inquirer%2fcore cache-miss
357 silly fetch manifest @inquirer/figures@^1.0.5
358 silly packumentCache full:https://registry.npmjs.org/@inquirer%2ffigures cache-miss
359 silly fetch manifest yoctocolors-cjs@^2.1.2
360 silly packumentCache full:https://registry.npmjs.org/yoctocolors-cjs cache-miss
361 http fetch GET 200 https://registry.npmjs.org/yoctocolors-cjs 42ms (cache miss)
362 silly packumentCache full:https://registry.npmjs.org/yoctocolors-cjs set size:undefined disposed:false
363 silly fetch manifest @inquirer/core@^9.0.10
364 silly packumentCache full:https://registry.npmjs.org/@inquirer%2fcore cache-miss
365 http fetch GET 200 https://registry.npmjs.org/@inquirer%2ffigures 76ms (cache miss)
366 silly packumentCache full:https://registry.npmjs.org/@inquirer%2ffigures set size:undefined disposed:false
367 silly fetch manifest @inquirer/core@^9.0.10
368 silly packumentCache full:https://registry.npmjs.org/@inquirer%2fcore cache-miss
369 http fetch GET 200 https://registry.npmjs.org/@inquirer%2fcore 79ms (cache miss)
370 silly packumentCache full:https://registry.npmjs.org/@inquirer%2fcore set size:undefined disposed:false
371 silly fetch manifest external-editor@^3.1.0
372 silly packumentCache full:https://registry.npmjs.org/external-editor cache-miss
373 http fetch GET 200 https://registry.npmjs.org/@inquirer%2fcore 69ms (cache miss)
374 silly packumentCache full:https://registry.npmjs.org/@inquirer%2fcore set size:undefined disposed:false
375 http fetch GET 200 https://registry.npmjs.org/external-editor 38ms (cache miss)
376 silly packumentCache full:https://registry.npmjs.org/external-editor set size:undefined disposed:false
377 http fetch GET 200 https://registry.npmjs.org/@inquirer%2fcore 71ms (cache miss)
378 silly packumentCache full:https://registry.npmjs.org/@inquirer%2fcore set size:undefined disposed:false
379 silly placeDep node_modules/rivalz-node-cli @inquirer/core@9.0.10 OK for: @inquirer/checkbox@2.4.7 want: ^9.0.10
380 silly placeDep node_modules/rivalz-node-cli @inquirer/figures@1.0.5 OK for: @inquirer/checkbox@2.4.7 want: ^1.0.5
381 silly placeDep node_modules/rivalz-node-cli yoctocolors-cjs@2.1.2 OK for: @inquirer/checkbox@2.4.7 want: ^2.1.2
382 silly fetch manifest @types/node@^22.1.0
383 silly packumentCache full:https://registry.npmjs.org/@types%2fnode cache-miss
384 silly fetch manifest @types/wrap-ansi@^3.0.0
385 silly packumentCache full:https://registry.npmjs.org/@types%2fwrap-ansi cache-miss
386 silly fetch manifest cli-spinners@^2.9.2
387 silly packumentCache full:https://registry.npmjs.org/cli-spinners cache-miss
388 http fetch GET 200 https://registry.npmjs.org/cli-spinners 4ms (cache hit)
389 silly packumentCache full:https://registry.npmjs.org/cli-spinners set size:59098 disposed:false
390 silly fetch manifest cli-width@^4.1.0
391 silly packumentCache full:https://registry.npmjs.org/cli-width cache-miss
392 http fetch GET 200 https://registry.npmjs.org/@types%2fnode 21ms (cache hit)
393 silly packumentCache full:https://registry.npmjs.org/@types%2fnode set size:8976328 disposed:false
394 silly fetch manifest signal-exit@^4.1.0
395 silly packumentCache full:https://registry.npmjs.org/signal-exit cache-miss
396 http fetch GET 200 https://registry.npmjs.org/cli-width 111ms (cache miss)
397 silly packumentCache full:https://registry.npmjs.org/cli-width set size:undefined disposed:false
398 silly fetch manifest strip-ansi@^6.0.1
399 silly packumentCache full:https://registry.npmjs.org/strip-ansi cache-miss
400 http fetch GET 200 https://registry.npmjs.org/@types%2fwrap-ansi 120ms (cache miss)
401 silly packumentCache full:https://registry.npmjs.org/@types%2fwrap-ansi set size:undefined disposed:false
402 silly fetch manifest wrap-ansi@^6.2.0
403 silly packumentCache full:https://registry.npmjs.org/wrap-ansi cache-miss
404 http fetch GET 200 https://registry.npmjs.org/strip-ansi 4ms (cache hit)
405 silly packumentCache full:https://registry.npmjs.org/strip-ansi set size:43180 disposed:false
406 http fetch GET 200 https://registry.npmjs.org/signal-exit 50ms (cache miss)
407 silly packumentCache full:https://registry.npmjs.org/signal-exit set size:undefined disposed:false
408 http fetch GET 200 https://registry.npmjs.org/wrap-ansi 38ms (cache miss)
409 silly packumentCache full:https://registry.npmjs.org/wrap-ansi set size:undefined disposed:false
410 silly placeDep node_modules/rivalz-node-cli/node_modules/@inquirer/core @types/node@22.5.0 OK for: @inquirer/core@9.0.10 want: ^22.1.0
411 silly placeDep node_modules/rivalz-node-cli @types/wrap-ansi@3.0.0 OK for: @inquirer/core@9.0.10 want: ^3.0.0
412 silly placeDep node_modules/rivalz-node-cli cli-spinners@2.9.2 OK for: @inquirer/core@9.0.10 want: ^2.9.2
413 silly placeDep node_modules/rivalz-node-cli cli-width@4.1.0 OK for: @inquirer/core@9.0.10 want: ^4.1.0
414 silly placeDep node_modules/rivalz-node-cli signal-exit@4.1.0 OK for: @inquirer/core@9.0.10 want: ^4.1.0
415 silly placeDep node_modules/rivalz-node-cli strip-ansi@6.0.1 OK for: @inquirer/core@9.0.10 want: ^6.0.1
416 silly placeDep node_modules/rivalz-node-cli wrap-ansi@6.2.0 OK for: @inquirer/core@9.0.10 want: ^6.2.0
417 silly fetch manifest undici-types@~6.19.2
418 silly packumentCache full:https://registry.npmjs.org/undici-types cache-miss
419 silly fetch manifest ansi-regex@^5.0.1
420 silly packumentCache full:https://registry.npmjs.org/ansi-regex cache-miss
421 silly fetch manifest string-width@^4.1.0
422 silly packumentCache full:https://registry.npmjs.org/string-width cache-miss
423 http fetch GET 200 https://registry.npmjs.org/string-width 40ms (cache miss)
424 silly packumentCache full:https://registry.npmjs.org/string-width set size:undefined disposed:false
425 http fetch GET 200 https://registry.npmjs.org/undici-types 43ms (cache miss)
426 silly packumentCache full:https://registry.npmjs.org/undici-types set size:undefined disposed:false
427 http fetch GET 200 https://registry.npmjs.org/ansi-regex 44ms (cache miss)
428 silly packumentCache full:https://registry.npmjs.org/ansi-regex set size:undefined disposed:false
429 silly placeDep node_modules/rivalz-node-cli external-editor@3.1.0 OK for: @inquirer/editor@2.1.22 want: ^3.1.0
430 silly fetch manifest chardet@^0.7.0
431 silly packumentCache full:https://registry.npmjs.org/chardet cache-miss
432 silly fetch manifest iconv-lite@^0.4.24
433 silly packumentCache full:https://registry.npmjs.org/iconv-lite cache-miss
434 silly fetch manifest tmp@^0.0.33
435 silly packumentCache full:https://registry.npmjs.org/tmp cache-miss
436 http fetch GET 200 https://registry.npmjs.org/tmp 38ms (cache miss)
437 silly packumentCache full:https://registry.npmjs.org/tmp set size:undefined disposed:false
438 http fetch GET 200 https://registry.npmjs.org/chardet 41ms (cache miss)
439 silly packumentCache full:https://registry.npmjs.org/chardet set size:undefined disposed:false
440 http fetch GET 200 https://registry.npmjs.org/iconv-lite 47ms (cache miss)
441 silly packumentCache full:https://registry.npmjs.org/iconv-lite set size:undefined disposed:false
442 silly placeDep node_modules/rivalz-node-cli type-fest@0.21.3 OK for: ansi-escapes@4.3.2 want: ^0.21.3
443 silly placeDep node_modules/rivalz-node-cli chardet@0.7.0 OK for: external-editor@3.1.0 want: ^0.7.0
444 silly placeDep node_modules/rivalz-node-cli iconv-lite@0.4.24 OK for: external-editor@3.1.0 want: ^0.4.24
445 silly placeDep node_modules/rivalz-node-cli tmp@0.0.33 OK for: external-editor@3.1.0 want: ^0.0.33
446 silly fetch manifest safer-buffer@>= 2.1.2 < 3
447 silly packumentCache full:https://registry.npmjs.org/safer-buffer cache-miss
448 silly fetch manifest os-tmpdir@~1.0.2
449 silly packumentCache full:https://registry.npmjs.org/os-tmpdir cache-miss
450 http fetch GET 200 https://registry.npmjs.org/os-tmpdir 45ms (cache miss)
451 silly packumentCache full:https://registry.npmjs.org/os-tmpdir set size:undefined disposed:false
452 http fetch GET 200 https://registry.npmjs.org/safer-buffer 46ms (cache miss)
453 silly packumentCache full:https://registry.npmjs.org/safer-buffer set size:undefined disposed:false
454 silly placeDep node_modules/rivalz-node-cli safer-buffer@2.1.2 OK for: iconv-lite@0.4.24 want: >= 2.1.2 < 3
455 silly placeDep node_modules/rivalz-node-cli mime-db@1.52.0 OK for: mime-types@2.1.35 want: 1.52.0
456 silly placeDep node_modules/rivalz-node-cli @types/readable-stream@4.0.15 OK for: mqtt@5.10.0 want: ^4.0.5
457 silly placeDep node_modules/rivalz-node-cli @types/ws@8.5.12 OK for: mqtt@5.10.0 want: ^8.5.9
458 silly placeDep node_modules/rivalz-node-cli commist@3.2.0 OK for: mqtt@5.10.0 want: ^3.2.0
459 silly placeDep node_modules/rivalz-node-cli concat-stream@2.0.0 OK for: mqtt@5.10.0 want: ^2.0.0
460 silly placeDep node_modules/rivalz-node-cli debug@4.3.6 OK for: mqtt@5.10.0 want: ^4.3.4
461 silly placeDep node_modules/rivalz-node-cli help-me@5.0.0 OK for: mqtt@5.10.0 want: ^5.0.0
462 silly placeDep node_modules/rivalz-node-cli lru-cache@10.4.3 OK for: mqtt@5.10.0 want: ^10.0.1
463 silly placeDep node_modules/rivalz-node-cli minimist@1.2.8 OK for: mqtt@5.10.0 want: ^1.2.8
464 silly placeDep node_modules/rivalz-node-cli mqtt-packet@9.0.0 OK for: mqtt@5.10.0 want: ^9.0.0
465 silly placeDep node_modules/rivalz-node-cli number-allocator@1.0.14 OK for: mqtt@5.10.0 want: ^1.0.14
466 silly placeDep node_modules/rivalz-node-cli readable-stream@4.5.2 OK for: mqtt@5.10.0 want: ^4.4.2
467 silly placeDep node_modules/rivalz-node-cli reinterval@1.1.0 OK for: mqtt@5.10.0 want: ^1.1.0
468 silly placeDep node_modules/rivalz-node-cli rfdc@1.4.1 OK for: mqtt@5.10.0 want: ^1.3.0
469 silly placeDep node_modules/rivalz-node-cli split2@4.2.0 OK for: mqtt@5.10.0 want: ^4.2.0
470 silly placeDep node_modules/rivalz-node-cli worker-timers@7.1.8 OK for: mqtt@5.10.0 want: ^7.1.4
471 silly fetch manifest safe-buffer@~5.1.1
472 silly packumentCache full:https://registry.npmjs.org/safe-buffer cache-miss
473 silly fetch manifest buffer-from@^1.0.0
474 silly packumentCache full:https://registry.npmjs.org/buffer-from cache-miss
475 silly fetch manifest inherits@^2.0.3
476 silly packumentCache full:https://registry.npmjs.org/inherits cache-miss
477 http fetch GET 200 https://registry.npmjs.org/inherits 35ms (cache miss)
478 silly packumentCache full:https://registry.npmjs.org/inherits set size:undefined disposed:false
479 silly fetch manifest readable-stream@^3.0.2
480 silly packumentCache full:https://registry.npmjs.org/readable-stream cache-miss
481 http fetch GET 200 https://registry.npmjs.org/safe-buffer 37ms (cache miss)
482 silly packumentCache full:https://registry.npmjs.org/safe-buffer set size:undefined disposed:false
483 silly fetch manifest typedarray@^0.0.6
484 silly packumentCache full:https://registry.npmjs.org/typedarray cache-miss
485 http fetch GET 200 https://registry.npmjs.org/buffer-from 43ms (cache miss)
486 silly packumentCache full:https://registry.npmjs.org/buffer-from set size:undefined disposed:false
487 silly fetch manifest ms@2.1.2
488 silly packumentCache full:https://registry.npmjs.org/ms cache-miss
489 http fetch GET 200 https://registry.npmjs.org/readable-stream 7ms (cache hit)
490 silly packumentCache full:https://registry.npmjs.org/readable-stream set size:272167 disposed:false
491 silly fetch manifest bl@^6.0.8
492 silly packumentCache full:https://registry.npmjs.org/bl cache-miss
493 http fetch GET 200 https://registry.npmjs.org/bl 6ms (cache hit)
494 silly packumentCache full:https://registry.npmjs.org/bl set size:150889 disposed:false
495 silly fetch manifest process-nextick-args@^2.0.1
496 silly packumentCache full:https://registry.npmjs.org/process-nextick-args cache-miss
497 http fetch GET 200 https://registry.npmjs.org/typedarray 39ms (cache miss)
498 silly packumentCache full:https://registry.npmjs.org/typedarray set size:undefined disposed:false
499 silly fetch manifest js-sdsl@4.3.0
500 silly packumentCache full:https://registry.npmjs.org/js-sdsl cache-miss
501 http fetch GET 200 https://registry.npmjs.org/ms 40ms (cache miss)
502 silly packumentCache full:https://registry.npmjs.org/ms set size:undefined disposed:false
503 silly fetch manifest abort-controller@^3.0.0
504 silly packumentCache full:https://registry.npmjs.org/abort-controller cache-miss
505 http fetch GET 200 https://registry.npmjs.org/process-nextick-args 33ms (cache miss)
506 silly packumentCache full:https://registry.npmjs.org/process-nextick-args set size:undefined disposed:false
507 silly fetch manifest buffer@^6.0.3
508 silly packumentCache full:https://registry.npmjs.org/buffer cache-miss
509 http fetch GET 200 https://registry.npmjs.org/js-sdsl 42ms (cache miss)
510 silly packumentCache full:https://registry.npmjs.org/js-sdsl set size:undefined disposed:false
511 silly fetch manifest events@^3.3.0
512 silly packumentCache full:https://registry.npmjs.org/events cache-miss
513 http fetch GET 200 https://registry.npmjs.org/abort-controller 46ms (cache miss)
514 silly packumentCache full:https://registry.npmjs.org/abort-controller set size:undefined disposed:false
515 silly fetch manifest process@^0.11.10
516 silly packumentCache full:https://registry.npmjs.org/process cache-miss
517 http fetch GET 200 https://registry.npmjs.org/buffer 46ms (cache miss)
518 silly packumentCache full:https://registry.npmjs.org/buffer set size:undefined disposed:false
519 silly fetch manifest string_decoder@^1.3.0
520 silly packumentCache full:https://registry.npmjs.org/string_decoder cache-miss
521 http fetch GET 200 https://registry.npmjs.org/events 51ms (cache miss)
522 silly packumentCache full:https://registry.npmjs.org/events set size:undefined disposed:false
523 silly fetch manifest tslib@^2.6.2
524 silly packumentCache full:https://registry.npmjs.org/tslib cache-miss
525 http fetch GET 200 https://registry.npmjs.org/string_decoder 38ms (cache miss)
526 silly packumentCache full:https://registry.npmjs.org/string_decoder set size:undefined disposed:false
527 silly fetch manifest @babel/runtime@^7.24.5
528 silly packumentCache full:https://registry.npmjs.org/@babel%2fruntime cache-miss
529 http fetch GET 200 https://registry.npmjs.org/process 47ms (cache miss)
530 silly packumentCache full:https://registry.npmjs.org/process set size:undefined disposed:false
531 silly fetch manifest worker-timers-broker@^6.1.8
532 silly packumentCache full:https://registry.npmjs.org/worker-timers-broker cache-miss
533 http fetch GET 200 https://registry.npmjs.org/tslib 7ms (cache hit)
534 silly packumentCache full:https://registry.npmjs.org/tslib set size:104653 disposed:false
535 silly fetch manifest worker-timers-worker@^7.0.71
536 silly packumentCache full:https://registry.npmjs.org/worker-timers-worker cache-miss
537 http fetch GET 200 https://registry.npmjs.org/worker-timers-worker 52ms (cache miss)
538 silly packumentCache full:https://registry.npmjs.org/worker-timers-worker set size:undefined disposed:false
539 http fetch GET 200 https://registry.npmjs.org/worker-timers-broker 64ms (cache miss)
540 silly packumentCache full:https://registry.npmjs.org/worker-timers-broker set size:undefined disposed:false
541 http fetch GET 200 https://registry.npmjs.org/@babel%2fruntime 91ms (cache miss)
542 silly packumentCache full:https://registry.npmjs.org/@babel%2fruntime set size:undefined disposed:false
543 silly placeDep node_modules/rivalz-node-cli safe-buffer@5.1.2 OK for: @types/readable-stream@4.0.15 want: ~5.1.1
544 silly placeDep node_modules/rivalz-node-cli buffer-from@1.1.2 OK for: concat-stream@2.0.0 want: ^1.0.0
545 silly placeDep node_modules/rivalz-node-cli inherits@2.0.4 OK for: concat-stream@2.0.0 want: ^2.0.3
546 silly placeDep node_modules/rivalz-node-cli/node_modules/concat-stream readable-stream@3.6.2 OK for: concat-stream@2.0.0 want: ^3.0.2
547 silly placeDep node_modules/rivalz-node-cli typedarray@0.0.6 OK for: concat-stream@2.0.0 want: ^0.0.6
548 silly fetch manifest string_decoder@^1.1.1
549 silly packumentCache full:https://registry.npmjs.org/string_decoder cache-miss
550 silly fetch manifest util-deprecate@^1.0.1
551 silly packumentCache full:https://registry.npmjs.org/util-deprecate cache-miss
552 http fetch GET 200 https://registry.npmjs.org/string_decoder 4ms (cache hit)
553 silly packumentCache full:https://registry.npmjs.org/string_decoder set size:28441 disposed:false
554 http fetch GET 200 https://registry.npmjs.org/util-deprecate 33ms (cache miss)
555 silly packumentCache full:https://registry.npmjs.org/util-deprecate set size:undefined disposed:false
556 silly placeDep node_modules/rivalz-node-cli ms@2.1.2 OK for: debug@4.3.6 want: 2.1.2
557 silly placeDep node_modules/rivalz-node-cli bl@6.0.14 OK for: mqtt-packet@9.0.0 want: ^6.0.8
558 silly placeDep node_modules/rivalz-node-cli process-nextick-args@2.0.1 OK for: mqtt-packet@9.0.0 want: ^2.0.1
559 silly placeDep node_modules/rivalz-node-cli buffer@6.0.3 OK for: bl@6.0.14 want: ^6.0.3
560 silly fetch manifest base64-js@^1.3.1
561 silly packumentCache full:https://registry.npmjs.org/base64-js cache-miss
562 silly fetch manifest ieee754@^1.2.1
563 silly packumentCache full:https://registry.npmjs.org/ieee754 cache-miss
564 http fetch GET 200 https://registry.npmjs.org/ieee754 36ms (cache miss)
565 silly packumentCache full:https://registry.npmjs.org/ieee754 set size:undefined disposed:false
566 http fetch GET 200 https://registry.npmjs.org/base64-js 42ms (cache miss)
567 silly packumentCache full:https://registry.npmjs.org/base64-js set size:undefined disposed:false
568 silly placeDep node_modules/rivalz-node-cli base64-js@1.5.1 OK for: buffer@6.0.3 want: ^1.3.1
569 silly placeDep node_modules/rivalz-node-cli ieee754@1.2.1 OK for: buffer@6.0.3 want: ^1.2.1
570 silly placeDep node_modules/rivalz-node-cli js-sdsl@4.3.0 OK for: number-allocator@1.0.14 want: 4.3.0
571 silly placeDep node_modules/rivalz-node-cli/node_modules/ora bl@4.1.0 OK for: ora@5.4.1 want: ^4.1.0
572 silly placeDep node_modules/rivalz-node-cli cli-cursor@3.1.0 OK for: ora@5.4.1 want: ^3.1.0
573 silly placeDep node_modules/rivalz-node-cli is-interactive@1.0.0 OK for: ora@5.4.1 want: ^1.0.0
574 silly placeDep node_modules/rivalz-node-cli is-unicode-supported@0.1.0 OK for: ora@5.4.1 want: ^0.1.0
575 silly placeDep node_modules/rivalz-node-cli log-symbols@4.1.0 OK for: ora@5.4.1 want: ^4.1.0
576 silly placeDep node_modules/rivalz-node-cli wcwidth@1.0.1 OK for: ora@5.4.1 want: ^1.0.1
577 silly fetch manifest buffer@^5.5.0
578 silly packumentCache full:https://registry.npmjs.org/buffer cache-miss
579 silly fetch manifest readable-stream@^3.4.0
580 silly packumentCache full:https://registry.npmjs.org/readable-stream cache-hit
581 silly fetch manifest restore-cursor@^3.1.0
582 silly packumentCache full:https://registry.npmjs.org/restore-cursor cache-miss
583 silly fetch manifest defaults@^1.0.3
584 silly packumentCache full:https://registry.npmjs.org/defaults cache-miss
585 http fetch GET 200 https://registry.npmjs.org/buffer 8ms (cache hit)
586 silly packumentCache full:https://registry.npmjs.org/buffer set size:280480 disposed:false
587 http fetch GET 200 https://registry.npmjs.org/restore-cursor 41ms (cache miss)
588 silly packumentCache full:https://registry.npmjs.org/restore-cursor set size:undefined disposed:false
589 http fetch GET 200 https://registry.npmjs.org/defaults 42ms (cache miss)
590 silly packumentCache full:https://registry.npmjs.org/defaults set size:undefined disposed:false
591 silly placeDep node_modules/rivalz-node-cli restore-cursor@3.1.0 OK for: cli-cursor@3.1.0 want: ^3.1.0
592 silly fetch manifest onetime@^5.1.0
593 silly packumentCache full:https://registry.npmjs.org/onetime cache-miss
594 silly fetch manifest signal-exit@^3.0.2
595 silly packumentCache full:https://registry.npmjs.org/signal-exit cache-miss
596 http fetch GET 200 https://registry.npmjs.org/signal-exit 3ms (cache hit)
597 silly packumentCache full:https://registry.npmjs.org/signal-exit set size:53489 disposed:false
598 http fetch GET 200 https://registry.npmjs.org/onetime 38ms (cache miss)
599 silly packumentCache full:https://registry.npmjs.org/onetime set size:undefined disposed:false
600 silly placeDep node_modules/rivalz-node-cli abort-controller@3.0.0 OK for: readable-stream@4.5.2 want: ^3.0.0
601 silly placeDep node_modules/rivalz-node-cli events@3.3.0 OK for: readable-stream@4.5.2 want: ^3.3.0
602 silly placeDep node_modules/rivalz-node-cli process@0.11.10 OK for: readable-stream@4.5.2 want: ^0.11.10
603 silly placeDep node_modules/rivalz-node-cli string_decoder@1.3.0 OK for: readable-stream@4.5.2 want: ^1.3.0
604 silly fetch manifest event-target-shim@^5.0.0
605 silly packumentCache full:https://registry.npmjs.org/event-target-shim cache-miss
606 silly fetch manifest safe-buffer@~5.2.0
607 silly packumentCache full:https://registry.npmjs.org/safe-buffer cache-miss
608 http fetch GET 200 https://registry.npmjs.org/safe-buffer 3ms (cache hit)
609 silly packumentCache full:https://registry.npmjs.org/safe-buffer set size:41183 disposed:false
610 http fetch GET 200 https://registry.npmjs.org/event-target-shim 39ms (cache miss)
611 silly packumentCache full:https://registry.npmjs.org/event-target-shim set size:undefined disposed:false
612 silly placeDep node_modules/rivalz-node-cli event-target-shim@5.0.1 OK for: abort-controller@3.0.0 want: ^5.0.0
613 silly placeDep node_modules/rivalz-node-cli onetime@5.1.2 OK for: restore-cursor@3.1.0 want: ^5.1.0
614 silly placeDep node_modules/rivalz-node-cli/node_modules/restore-cursor signal-exit@3.0.7 OK for: restore-cursor@3.1.0 want: ^3.0.2
615 silly fetch manifest mimic-fn@^2.1.0
616 silly packumentCache full:https://registry.npmjs.org/mimic-fn cache-miss
617 http fetch GET 200 https://registry.npmjs.org/mimic-fn 42ms (cache miss)
618 silly packumentCache full:https://registry.npmjs.org/mimic-fn set size:undefined disposed:false
619 silly placeDep node_modules/rivalz-node-cli mimic-fn@2.1.0 OK for: onetime@5.1.2 want: ^2.1.0
620 silly placeDep node_modules/rivalz-node-cli/node_modules/string_decoder safe-buffer@5.2.1 OK for: string_decoder@1.3.0 want: ~5.2.0
621 silly placeDep node_modules/rivalz-node-cli ansi-regex@5.0.1 OK for: strip-ansi@6.0.1 want: ^5.0.1
622 silly placeDep node_modules/rivalz-node-cli has-flag@4.0.0 OK for: supports-color@7.2.0 want: ^4.0.0
623 silly placeDep node_modules/rivalz-node-cli os-tmpdir@1.0.2 OK for: tmp@0.0.33 want: ~1.0.2
624 silly placeDep node_modules/rivalz-node-cli defaults@1.0.4 OK for: wcwidth@1.0.1 want: ^1.0.3
625 silly fetch manifest clone@^1.0.2
626 silly packumentCache full:https://registry.npmjs.org/clone cache-miss
627 http fetch GET 200 https://registry.npmjs.org/clone 43ms (cache miss)
628 silly packumentCache full:https://registry.npmjs.org/clone set size:undefined disposed:false
629 silly placeDep node_modules/rivalz-node-cli clone@1.0.4 OK for: defaults@1.0.4 want: ^1.0.2
630 silly placeDep node_modules/rivalz-node-cli @babel/runtime@7.25.4 OK for: worker-timers@7.1.8 want: ^7.24.5
631 silly placeDep node_modules/rivalz-node-cli/node_modules/worker-timers tslib@2.7.0 OK for: worker-timers@7.1.8 want: ^2.6.2
632 silly placeDep node_modules/rivalz-node-cli worker-timers-broker@6.1.8 OK for: worker-timers@7.1.8 want: ^6.1.8
633 silly placeDep node_modules/rivalz-node-cli worker-timers-worker@7.0.71 OK for: worker-timers@7.1.8 want: ^7.0.71
634 silly fetch manifest regenerator-runtime@^0.14.0
635 silly packumentCache full:https://registry.npmjs.org/regenerator-runtime cache-miss
636 silly fetch manifest fast-unique-numbers@^8.0.13
637 silly packumentCache full:https://registry.npmjs.org/fast-unique-numbers cache-miss
638 http fetch GET 200 https://registry.npmjs.org/regenerator-runtime 36ms (cache miss)
639 silly packumentCache full:https://registry.npmjs.org/regenerator-runtime set size:undefined disposed:false
640 http fetch GET 200 https://registry.npmjs.org/fast-unique-numbers 379ms (cache miss)
641 silly packumentCache full:https://registry.npmjs.org/fast-unique-numbers set size:undefined disposed:false
642 silly placeDep node_modules/rivalz-node-cli regenerator-runtime@0.14.1 OK for: @babel/runtime@7.25.4 want: ^0.14.0
643 silly placeDep node_modules/rivalz-node-cli fast-unique-numbers@8.0.13 OK for: worker-timers-broker@6.1.8 want: ^8.0.13
644 silly placeDep node_modules/rivalz-node-cli/node_modules/worker-timers-broker tslib@2.7.0 OK for: worker-timers-broker@6.1.8 want: ^2.6.2
645 silly placeDep node_modules/rivalz-node-cli/node_modules/fast-unique-numbers tslib@2.7.0 OK for: fast-unique-numbers@8.0.13 want: ^2.6.2
646 silly placeDep node_modules/rivalz-node-cli/node_modules/worker-timers-worker tslib@2.7.0 OK for: worker-timers-worker@7.0.71 want: ^2.6.2
647 silly placeDep node_modules/rivalz-node-cli string-width@4.2.3 OK for: wrap-ansi@6.2.0 want: ^4.1.0
648 silly fetch manifest emoji-regex@^8.0.0
649 silly packumentCache full:https://registry.npmjs.org/emoji-regex cache-miss
650 silly fetch manifest is-fullwidth-code-point@^3.0.0
651 silly packumentCache full:https://registry.npmjs.org/is-fullwidth-code-point cache-miss
652 http fetch GET 200 https://registry.npmjs.org/is-fullwidth-code-point 34ms (cache miss)
653 silly packumentCache full:https://registry.npmjs.org/is-fullwidth-code-point set size:undefined disposed:false
654 http fetch GET 200 https://registry.npmjs.org/emoji-regex 40ms (cache miss)
655 silly packumentCache full:https://registry.npmjs.org/emoji-regex set size:undefined disposed:false
656 silly placeDep node_modules/rivalz-node-cli emoji-regex@8.0.0 OK for: string-width@4.2.3 want: ^8.0.0
657 silly placeDep node_modules/rivalz-node-cli is-fullwidth-code-point@3.0.0 OK for: string-width@4.2.3 want: ^3.0.0
658 silly placeDep node_modules/rivalz-node-cli undici-types@6.19.8 OK for: @types/node@22.5.0 want: ~6.19.2
659 silly placeDep node_modules/rivalz-node-cli util-deprecate@1.0.2 OK for: readable-stream@3.6.2 want: ^1.0.1
660 silly placeDep node_modules/rivalz-node-cli/node_modules/ora buffer@5.7.1 OK for: bl@4.1.0 want: ^5.5.0
661 silly placeDep node_modules/rivalz-node-cli/node_modules/ora readable-stream@3.6.2 OK for: bl@4.1.0 want: ^3.4.0
662 silly reify moves {}
663 silly tarball no local data for rivalz-node-cli@https://registry.npmjs.org/rivalz-node-cli/-/rivalz-node-cli-2.4.0.tgz. Extracting by manifest.
664 silly tarball no local data for undici-types@https://registry.npmjs.org/undici-types/-/undici-types-6.19.8.tgz. Extracting by manifest.
665 silly tarball no local data for util-deprecate@https://registry.npmjs.org/util-deprecate/-/util-deprecate-1.0.2.tgz. Extracting by manifest.
666 silly tarball no local data for is-fullwidth-code-point@https://registry.npmjs.org/is-fullwidth-code-point/-/is-fullwidth-code-point-3.0.0.tgz. Extracting by manifest.
667 silly tarball no local data for emoji-regex@https://registry.npmjs.org/emoji-regex/-/emoji-regex-8.0.0.tgz. Extracting by manifest.
668 silly tarball no local data for string-width@https://registry.npmjs.org/string-width/-/string-width-4.2.3.tgz. Extracting by manifest.
669 silly tarball no local data for fast-unique-numbers@https://registry.npmjs.org/fast-unique-numbers/-/fast-unique-numbers-8.0.13.tgz. Extracting by manifest.
670 silly tarball no local data for tslib@https://registry.npmjs.org/tslib/-/tslib-2.7.0.tgz. Extracting by manifest.
671 silly tarball no local data for regenerator-runtime@https://registry.npmjs.org/regenerator-runtime/-/regenerator-runtime-0.14.1.tgz. Extracting by manifest.
672 silly tarball no local data for worker-timers-worker@https://registry.npmjs.org/worker-timers-worker/-/worker-timers-worker-7.0.71.tgz. Extracting by manifest.
673 silly tarball no local data for tslib@https://registry.npmjs.org/tslib/-/tslib-2.7.0.tgz. Extracting by manifest.
674 silly tarball no local data for worker-timers-broker@https://registry.npmjs.org/worker-timers-broker/-/worker-timers-broker-6.1.8.tgz. Extracting by manifest.
675 silly tarball no local data for clone@https://registry.npmjs.org/clone/-/clone-1.0.4.tgz. Extracting by manifest.
676 silly tarball no local data for tslib@https://registry.npmjs.org/tslib/-/tslib-2.7.0.tgz. Extracting by manifest.
677 silly tarball no local data for @babel/runtime@https://registry.npmjs.org/@babel/runtime/-/runtime-7.25.4.tgz. Extracting by manifest.
678 silly tarball no local data for defaults@https://registry.npmjs.org/defaults/-/defaults-1.0.4.tgz. Extracting by manifest.
679 silly tarball no local data for os-tmpdir@https://registry.npmjs.org/os-tmpdir/-/os-tmpdir-1.0.2.tgz. Extracting by manifest.
680 silly tarball no local data for has-flag@https://registry.npmjs.org/has-flag/-/has-flag-4.0.0.tgz. Extracting by manifest.
681 silly tarball no local data for mimic-fn@https://registry.npmjs.org/mimic-fn/-/mimic-fn-2.1.0.tgz. Extracting by manifest.
682 silly tarball no local data for ansi-regex@https://registry.npmjs.org/ansi-regex/-/ansi-regex-5.0.1.tgz. Extracting by manifest.
683 silly tarball no local data for onetime@https://registry.npmjs.org/onetime/-/onetime-5.1.2.tgz. Extracting by manifest.
684 silly tarball no local data for event-target-shim@https://registry.npmjs.org/event-target-shim/-/event-target-shim-5.0.1.tgz. Extracting by manifest.
685 silly tarball no local data for string_decoder@https://registry.npmjs.org/string_decoder/-/string_decoder-1.3.0.tgz. Extracting by manifest.
686 silly tarball no local data for safe-buffer@https://registry.npmjs.org/safe-buffer/-/safe-buffer-5.2.1.tgz. Extracting by manifest.
687 silly tarball no local data for process@https://registry.npmjs.org/process/-/process-0.11.10.tgz. Extracting by manifest.
688 silly tarball no local data for events@https://registry.npmjs.org/events/-/events-3.3.0.tgz. Extracting by manifest.
689 silly tarball no local data for abort-controller@https://registry.npmjs.org/abort-controller/-/abort-controller-3.0.0.tgz. Extracting by manifest.
690 silly tarball no local data for restore-cursor@https://registry.npmjs.org/restore-cursor/-/restore-cursor-3.1.0.tgz. Extracting by manifest.
691 silly tarball no local data for wcwidth@https://registry.npmjs.org/wcwidth/-/wcwidth-1.0.1.tgz. Extracting by manifest.
692 silly tarball no local data for signal-exit@https://registry.npmjs.org/signal-exit/-/signal-exit-3.0.7.tgz. Extracting by manifest.
693 silly tarball no local data for log-symbols@https://registry.npmjs.org/log-symbols/-/log-symbols-4.1.0.tgz. Extracting by manifest.
694 silly tarball no local data for is-interactive@https://registry.npmjs.org/is-interactive/-/is-interactive-1.0.0.tgz. Extracting by manifest.
695 silly tarball no local data for js-sdsl@https://registry.npmjs.org/js-sdsl/-/js-sdsl-4.3.0.tgz. Extracting by manifest.
696 silly tarball no local data for ieee754@https://registry.npmjs.org/ieee754/-/ieee754-1.2.1.tgz. Extracting by manifest.
697 silly tarball no local data for is-unicode-supported@https://registry.npmjs.org/is-unicode-supported/-/is-unicode-supported-0.1.0.tgz. Extracting by manifest.
698 silly tarball no local data for base64-js@https://registry.npmjs.org/base64-js/-/base64-js-1.5.1.tgz. Extracting by manifest.
699 silly tarball no local data for buffer@https://registry.npmjs.org/buffer/-/buffer-6.0.3.tgz. Extracting by manifest.
700 silly tarball no local data for process-nextick-args@https://registry.npmjs.org/process-nextick-args/-/process-nextick-args-2.0.1.tgz. Extracting by manifest.
701 silly tarball no local data for bl@https://registry.npmjs.org/bl/-/bl-6.0.14.tgz. Extracting by manifest.
702 silly tarball no local data for ms@https://registry.npmjs.org/ms/-/ms-2.1.2.tgz. Extracting by manifest.
703 silly tarball no local data for typedarray@https://registry.npmjs.org/typedarray/-/typedarray-0.0.6.tgz. Extracting by manifest.
704 silly tarball no local data for cli-cursor@https://registry.npmjs.org/cli-cursor/-/cli-cursor-3.1.0.tgz. Extracting by manifest.
705 silly tarball no local data for inherits@https://registry.npmjs.org/inherits/-/inherits-2.0.4.tgz. Extracting by manifest.
706 silly tarball no local data for worker-timers@https://registry.npmjs.org/worker-timers/-/worker-timers-7.1.8.tgz. Extracting by manifest.
707 silly tarball no local data for safe-buffer@https://registry.npmjs.org/safe-buffer/-/safe-buffer-5.1.2.tgz. Extracting by manifest.
708 silly tarball no local data for tslib@https://registry.npmjs.org/tslib/-/tslib-2.7.0.tgz. Extracting by manifest.
709 silly tarball no local data for buffer-from@https://registry.npmjs.org/buffer-from/-/buffer-from-1.1.2.tgz. Extracting by manifest.
710 silly tarball no local data for split2@https://registry.npmjs.org/split2/-/split2-4.2.0.tgz. Extracting by manifest.
711 silly tarball no local data for rfdc@https://registry.npmjs.org/rfdc/-/rfdc-1.4.1.tgz. Extracting by manifest.
712 silly tarball no local data for reinterval@https://registry.npmjs.org/reinterval/-/reinterval-1.1.0.tgz. Extracting by manifest.
713 silly tarball no local data for readable-stream@https://registry.npmjs.org/readable-stream/-/readable-stream-4.5.2.tgz. Extracting by manifest.
714 silly tarball no local data for number-allocator@https://registry.npmjs.org/number-allocator/-/number-allocator-1.0.14.tgz. Extracting by manifest.
715 silly tarball no local data for mqtt-packet@https://registry.npmjs.org/mqtt-packet/-/mqtt-packet-9.0.0.tgz. Extracting by manifest.
716 silly tarball no local data for minimist@https://registry.npmjs.org/minimist/-/minimist-1.2.8.tgz. Extracting by manifest.
717 silly tarball no local data for lru-cache@https://registry.npmjs.org/lru-cache/-/lru-cache-10.4.3.tgz. Extracting by manifest.
718 silly tarball no local data for help-me@https://registry.npmjs.org/help-me/-/help-me-5.0.0.tgz. Extracting by manifest.
719 silly tarball no local data for debug@https://registry.npmjs.org/debug/-/debug-4.3.6.tgz. Extracting by manifest.
720 silly tarball no local data for concat-stream@https://registry.npmjs.org/concat-stream/-/concat-stream-2.0.0.tgz. Extracting by manifest.
721 silly tarball no local data for readable-stream@https://registry.npmjs.org/readable-stream/-/readable-stream-3.6.2.tgz. Extracting by manifest.
722 silly tarball no local data for commist@https://registry.npmjs.org/commist/-/commist-3.2.0.tgz. Extracting by manifest.
723 silly tarball no local data for @types/ws@https://registry.npmjs.org/@types/ws/-/ws-8.5.12.tgz. Extracting by manifest.
724 silly tarball no local data for @types/readable-stream@https://registry.npmjs.org/@types/readable-stream/-/readable-stream-4.0.15.tgz. Extracting by manifest.
725 silly tarball no local data for mime-db@https://registry.npmjs.org/mime-db/-/mime-db-1.52.0.tgz. Extracting by manifest.
726 silly tarball no local data for safer-buffer@https://registry.npmjs.org/safer-buffer/-/safer-buffer-2.1.2.tgz. Extracting by manifest.
727 silly tarball no local data for tmp@https://registry.npmjs.org/tmp/-/tmp-0.0.33.tgz. Extracting by manifest.
728 silly tarball no local data for iconv-lite@https://registry.npmjs.org/iconv-lite/-/iconv-lite-0.4.24.tgz. Extracting by manifest.
729 silly tarball no local data for chardet@https://registry.npmjs.org/chardet/-/chardet-0.7.0.tgz. Extracting by manifest.
730 silly tarball no local data for type-fest@https://registry.npmjs.org/type-fest/-/type-fest-0.21.3.tgz. Extracting by manifest.
731 silly tarball no local data for external-editor@https://registry.npmjs.org/external-editor/-/external-editor-3.1.0.tgz. Extracting by manifest.
732 silly tarball no local data for wrap-ansi@https://registry.npmjs.org/wrap-ansi/-/wrap-ansi-6.2.0.tgz. Extracting by manifest.
733 silly tarball no local data for strip-ansi@https://registry.npmjs.org/strip-ansi/-/strip-ansi-6.0.1.tgz. Extracting by manifest.
734 silly tarball no local data for signal-exit@https://registry.npmjs.org/signal-exit/-/signal-exit-4.1.0.tgz. Extracting by manifest.
735 silly tarball no local data for cli-width@https://registry.npmjs.org/cli-width/-/cli-width-4.1.0.tgz. Extracting by manifest.
736 silly tarball no local data for cli-spinners@https://registry.npmjs.org/cli-spinners/-/cli-spinners-2.9.2.tgz. Extracting by manifest.
737 silly tarball no local data for @types/wrap-ansi@https://registry.npmjs.org/@types/wrap-ansi/-/wrap-ansi-3.0.0.tgz. Extracting by manifest.
738 silly tarball no local data for yoctocolors-cjs@https://registry.npmjs.org/yoctocolors-cjs/-/yoctocolors-cjs-2.1.2.tgz. Extracting by manifest.
739 silly tarball no local data for @inquirer/figures@https://registry.npmjs.org/@inquirer/figures/-/figures-1.0.5.tgz. Extracting by manifest.
740 silly tarball no local data for @inquirer/core@https://registry.npmjs.org/@inquirer/core/-/core-9.0.10.tgz. Extracting by manifest.
741 silly tarball no local data for @inquirer/select@https://registry.npmjs.org/@inquirer/select/-/select-2.4.7.tgz. Extracting by manifest.
742 silly tarball no local data for @types/node@https://registry.npmjs.org/@types/node/-/node-22.5.0.tgz. Extracting by manifest.
743 silly tarball no local data for @inquirer/search@https://registry.npmjs.org/@inquirer/search/-/search-1.0.7.tgz. Extracting by manifest.
744 silly tarball no local data for @inquirer/rawlist@https://registry.npmjs.org/@inquirer/rawlist/-/rawlist-2.2.4.tgz. Extracting by manifest.
745 silly tarball no local data for @inquirer/password@https://registry.npmjs.org/@inquirer/password/-/password-2.1.22.tgz. Extracting by manifest.
746 silly tarball no local data for @inquirer/number@https://registry.npmjs.org/@inquirer/number/-/number-1.0.10.tgz. Extracting by manifest.
747 silly tarball no local data for @inquirer/input@https://registry.npmjs.org/@inquirer/input/-/input-2.2.9.tgz. Extracting by manifest.
748 silly tarball no local data for @inquirer/expand@https://registry.npmjs.org/@inquirer/expand/-/expand-2.1.22.tgz. Extracting by manifest.
749 silly tarball no local data for @inquirer/editor@https://registry.npmjs.org/@inquirer/editor/-/editor-2.1.22.tgz. Extracting by manifest.
750 silly tarball no local data for @inquirer/confirm@https://registry.npmjs.org/@inquirer/confirm/-/confirm-3.1.22.tgz. Extracting by manifest.
751 silly tarball no local data for @inquirer/checkbox@https://registry.npmjs.org/@inquirer/checkbox/-/checkbox-2.4.7.tgz. Extracting by manifest.
752 silly tarball no local data for rxjs@https://registry.npmjs.org/rxjs/-/rxjs-7.8.1.tgz. Extracting by manifest.
753 silly tarball no local data for run-async@https://registry.npmjs.org/run-async/-/run-async-3.0.0.tgz. Extracting by manifest.
754 silly tarball no local data for mute-stream@https://registry.npmjs.org/mute-stream/-/mute-stream-1.0.0.tgz. Extracting by manifest.
755 silly tarball no local data for ansi-escapes@https://registry.npmjs.org/ansi-escapes/-/ansi-escapes-4.3.2.tgz. Extracting by manifest.
756 silly tarball no local data for @types/mute-stream@https://registry.npmjs.org/@types/mute-stream/-/mute-stream-0.0.4.tgz. Extracting by manifest.
757 silly tarball no local data for @inquirer/prompts@https://registry.npmjs.org/@inquirer/prompts/-/prompts-5.3.8.tgz. Extracting by manifest.
758 silly tarball no local data for @inquirer/type@https://registry.npmjs.org/@inquirer/type/-/type-1.5.2.tgz. Extracting by manifest.
759 silly tarball no local data for mime-types@https://registry.npmjs.org/mime-types/-/mime-types-2.1.35.tgz. Extracting by manifest.
760 silly tarball no local data for delayed-stream@https://registry.npmjs.org/delayed-stream/-/delayed-stream-1.0.0.tgz. Extracting by manifest.
761 silly tarball no local data for combined-stream@https://registry.npmjs.org/combined-stream/-/combined-stream-1.0.8.tgz. Extracting by manifest.
762 silly tarball no local data for asynckit@https://registry.npmjs.org/asynckit/-/asynckit-0.4.0.tgz. Extracting by manifest.
763 silly tarball no local data for ws@https://registry.npmjs.org/ws/-/ws-8.17.1.tgz. Extracting by manifest.
764 silly tarball no local data for tslib@https://registry.npmjs.org/tslib/-/tslib-2.4.0.tgz. Extracting by manifest.
765 silly tarball no local data for aes-js@https://registry.npmjs.org/aes-js/-/aes-js-4.0.0-beta.5.tgz. Extracting by manifest.
766 silly tarball no local data for @types/node@https://registry.npmjs.org/@types/node/-/node-18.15.13.tgz. Extracting by manifest.
767 silly tarball no local data for @noble/hashes@https://registry.npmjs.org/@noble/hashes/-/hashes-1.3.2.tgz. Extracting by manifest.
768 silly tarball no local data for @noble/curves@https://registry.npmjs.org/@noble/curves/-/curves-1.2.0.tgz. Extracting by manifest.
769 silly tarball no local data for @adraffy/ens-normalize@https://registry.npmjs.org/@adraffy/ens-normalize/-/ens-normalize-1.10.1.tgz. Extracting by manifest.
770 silly tarball no local data for color-name@https://registry.npmjs.org/color-name/-/color-name-1.1.4.tgz. Extracting by manifest.
771 silly tarball no local data for color-convert@https://registry.npmjs.org/color-convert/-/color-convert-2.0.1.tgz. Extracting by manifest.
772 silly tarball no local data for supports-color@https://registry.npmjs.org/supports-color/-/supports-color-7.2.0.tgz. Extracting by manifest.
773 silly tarball no local data for ansi-styles@https://registry.npmjs.org/ansi-styles/-/ansi-styles-4.3.0.tgz. Extracting by manifest.
774 silly tarball no local data for proxy-from-env@https://registry.npmjs.org/proxy-from-env/-/proxy-from-env-1.1.0.tgz. Extracting by manifest.
775 silly tarball no local data for form-data@https://registry.npmjs.org/form-data/-/form-data-4.0.0.tgz. Extracting by manifest.
776 silly tarball no local data for follow-redirects@https://registry.npmjs.org/follow-redirects/-/follow-redirects-1.15.6.tgz. Extracting by manifest.
777 silly tarball no local data for systeminformation@https://registry.npmjs.org/systeminformation/-/systeminformation-5.23.5.tgz. Extracting by manifest.
778 silly tarball no local data for ora@https://registry.npmjs.org/ora/-/ora-5.4.1.tgz. Extracting by manifest.
779 silly tarball no local data for readable-stream@https://registry.npmjs.org/readable-stream/-/readable-stream-3.6.2.tgz. Extracting by manifest.
780 silly tarball no local data for buffer@https://registry.npmjs.org/buffer/-/buffer-5.7.1.tgz. Extracting by manifest.
781 silly tarball no local data for bl@https://registry.npmjs.org/bl/-/bl-4.1.0.tgz. Extracting by manifest.
782 silly tarball no local data for node-machine-id@https://registry.npmjs.org/node-machine-id/-/node-machine-id-1.1.12.tgz. Extracting by manifest.
783 silly tarball no local data for mqtt@https://registry.npmjs.org/mqtt/-/mqtt-5.10.0.tgz. Extracting by manifest.
784 silly tarball no local data for inquirer@https://registry.npmjs.org/inquirer/-/inquirer-10.1.8.tgz. Extracting by manifest.
785 silly tarball no local data for ethers@https://registry.npmjs.org/ethers/-/ethers-6.13.2.tgz. Extracting by manifest.
786 silly tarball no local data for commander@https://registry.npmjs.org/commander/-/commander-12.1.0.tgz. Extracting by manifest.
787 silly tarball no local data for axios@https://registry.npmjs.org/axios/-/axios-1.7.5.tgz. Extracting by manifest.
788 silly tarball no local data for chalk@https://registry.npmjs.org/chalk/-/chalk-4.1.2.tgz. Extracting by manifest.
789 http fetch GET 200 https://registry.npmjs.org/util-deprecate/-/util-deprecate-1.0.2.tgz 247ms (cache miss)
790 http fetch GET 200 https://registry.npmjs.org/defaults/-/defaults-1.0.4.tgz 241ms (cache miss)
791 http fetch GET 200 https://registry.npmjs.org/os-tmpdir/-/os-tmpdir-1.0.2.tgz 242ms (cache miss)
792 http fetch GET 200 https://registry.npmjs.org/has-flag/-/has-flag-4.0.0.tgz 241ms (cache miss)
793 http fetch GET 200 https://registry.npmjs.org/undici-types/-/undici-types-6.19.8.tgz 278ms (cache miss)
794 http fetch GET 200 https://registry.npmjs.org/ansi-regex/-/ansi-regex-5.0.1.tgz 324ms (cache miss)
795 http fetch GET 200 https://registry.npmjs.org/mimic-fn/-/mimic-fn-2.1.0.tgz 339ms (cache miss)
796 http fetch GET 200 https://registry.npmjs.org/is-fullwidth-code-point/-/is-fullwidth-code-point-3.0.0.tgz 374ms (cache miss)
797 http fetch GET 200 https://registry.npmjs.org/onetime/-/onetime-5.1.2.tgz 363ms (cache miss)
798 http fetch GET 200 https://registry.npmjs.org/string-width/-/string-width-4.2.3.tgz 384ms (cache miss)
799 http fetch GET 200 https://registry.npmjs.org/emoji-regex/-/emoji-regex-8.0.0.tgz 424ms (cache miss)
800 http fetch GET 200 https://registry.npmjs.org/clone/-/clone-1.0.4.tgz 416ms (cache miss)
801 http fetch GET 200 https://registry.npmjs.org/safe-buffer/-/safe-buffer-5.2.1.tgz 419ms (cache miss)
802 http fetch GET 200 https://registry.npmjs.org/string_decoder/-/string_decoder-1.3.0.tgz 444ms (cache miss)
803 http fetch GET 200 https://registry.npmjs.org/regenerator-runtime/-/regenerator-runtime-0.14.1.tgz 482ms (cache miss)
804 http fetch GET 200 https://registry.npmjs.org/is-interactive/-/is-interactive-1.0.0.tgz 474ms (cache miss)
805 http fetch GET 200 https://registry.npmjs.org/is-unicode-supported/-/is-unicode-supported-0.1.0.tgz 473ms (cache miss)
806 http fetch GET 200 https://registry.npmjs.org/log-symbols/-/log-symbols-4.1.0.tgz 483ms (cache miss)
807 http fetch GET 200 https://registry.npmjs.org/process/-/process-0.11.10.tgz 488ms (cache miss)
808 http fetch GET 200 https://registry.npmjs.org/base64-js/-/base64-js-1.5.1.tgz 483ms (cache miss)
809 http fetch GET 200 https://registry.npmjs.org/restore-cursor/-/restore-cursor-3.1.0.tgz 503ms (cache miss)
810 http fetch GET 200 https://registry.npmjs.org/ieee754/-/ieee754-1.2.1.tgz 502ms (cache miss)
811 http fetch GET 200 https://registry.npmjs.org/signal-exit/-/signal-exit-3.0.7.tgz 529ms (cache miss)
812 http fetch GET 200 https://registry.npmjs.org/wcwidth/-/wcwidth-1.0.1.tgz 529ms (cache miss)
813 http fetch GET 200 https://registry.npmjs.org/process-nextick-args/-/process-nextick-args-2.0.1.tgz 527ms (cache miss)
814 http fetch GET 200 https://registry.npmjs.org/cli-cursor/-/cli-cursor-3.1.0.tgz 525ms (cache miss)
815 http fetch GET 200 https://registry.npmjs.org/ms/-/ms-2.1.2.tgz 540ms (cache miss)
816 http fetch GET 200 https://registry.npmjs.org/inherits/-/inherits-2.0.4.tgz 539ms (cache miss)
817 http fetch GET 200 https://registry.npmjs.org/reinterval/-/reinterval-1.1.0.tgz 531ms (cache miss)
818 http fetch GET 200 https://registry.npmjs.org/number-allocator/-/number-allocator-1.0.14.tgz 531ms (cache miss)
819 http fetch GET 200 https://registry.npmjs.org/buffer/-/buffer-6.0.3.tgz 555ms (cache miss)
820 http fetch GET 200 https://registry.npmjs.org/buffer-from/-/buffer-from-1.1.2.tgz 549ms (cache miss)
821 http fetch GET 200 https://registry.npmjs.org/typedarray/-/typedarray-0.0.6.tgz 554ms (cache miss)
822 http fetch GET 200 https://registry.npmjs.org/minimist/-/minimist-1.2.8.tgz 566ms (cache miss)
823 http fetch GET 200 https://registry.npmjs.org/concat-stream/-/concat-stream-2.0.0.tgz 580ms (cache miss)
824 http fetch GET 200 https://registry.npmjs.org/worker-timers-broker/-/worker-timers-broker-6.1.8.tgz 618ms (cache miss)
825 http fetch GET 200 https://registry.npmjs.org/split2/-/split2-4.2.0.tgz 596ms (cache miss)
826 http fetch GET 200 https://registry.npmjs.org/tmp/-/tmp-0.0.33.tgz 587ms (cache miss)
827 http fetch GET 200 https://registry.npmjs.org/tslib/-/tslib-2.7.0.tgz 634ms (cache miss)
828 http fetch GET 200 https://registry.npmjs.org/@types/readable-stream/-/readable-stream-4.0.15.tgz 606ms (cache miss)
829 http fetch GET 200 https://registry.npmjs.org/rfdc/-/rfdc-1.4.1.tgz 625ms (cache miss)
830 http fetch GET 200 https://registry.npmjs.org/tslib/-/tslib-2.7.0.tgz 659ms (cache miss)
831 http fetch GET 200 https://registry.npmjs.org/tslib/-/tslib-2.7.0.tgz 656ms (cache miss)
832 http fetch GET 200 https://registry.npmjs.org/safe-buffer/-/safe-buffer-5.1.2.tgz 676ms (cache miss)
833 http fetch GET 200 https://registry.npmjs.org/strip-ansi/-/strip-ansi-6.0.1.tgz 660ms (cache miss)
834 http fetch GET 200 https://registry.npmjs.org/wrap-ansi/-/wrap-ansi-6.2.0.tgz 661ms (cache miss)
835 http fetch GET 200 https://registry.npmjs.org/commist/-/commist-3.2.0.tgz 676ms (cache miss)
836 http fetch GET 200 https://registry.npmjs.org/@types/ws/-/ws-8.5.12.tgz 676ms (cache miss)
837 http fetch GET 200 https://registry.npmjs.org/cli-spinners/-/cli-spinners-2.9.2.tgz 667ms (cache miss)
838 http fetch GET 200 https://registry.npmjs.org/yoctocolors-cjs/-/yoctocolors-cjs-2.1.2.tgz 666ms (cache miss)
839 http fetch GET 200 https://registry.npmjs.org/@types/wrap-ansi/-/wrap-ansi-3.0.0.tgz 681ms (cache miss)
840 http fetch GET 200 https://registry.npmjs.org/bl/-/bl-6.0.14.tgz 711ms (cache miss)
841 http fetch GET 200 https://registry.npmjs.org/cli-width/-/cli-width-4.1.0.tgz 695ms (cache miss)
842 http fetch GET 200 https://registry.npmjs.org/@inquirer/select/-/select-2.4.7.tgz 709ms (cache miss)
843 http fetch GET 200 https://registry.npmjs.org/@inquirer/confirm/-/confirm-3.1.22.tgz 706ms (cache miss)
844 http fetch GET 200 https://registry.npmjs.org/run-async/-/run-async-3.0.0.tgz 711ms (cache miss)
845 http fetch GET 200 https://registry.npmjs.org/tslib/-/tslib-2.7.0.tgz 746ms (cache miss)
846 http fetch GET 200 https://registry.npmjs.org/events/-/events-3.3.0.tgz 766ms (cache miss)
847 http fetch GET 200 https://registry.npmjs.org/@inquirer/password/-/password-2.1.22.tgz 730ms (cache miss)
848 http fetch GET 200 https://registry.npmjs.org/combined-stream/-/combined-stream-1.0.8.tgz 723ms (cache miss)
849 http fetch GET 200 https://registry.npmjs.org/@inquirer/prompts/-/prompts-5.3.8.tgz 726ms (cache miss)
850 http fetch GET 200 https://registry.npmjs.org/@inquirer/checkbox/-/checkbox-2.4.7.tgz 736ms (cache miss)
851 http fetch GET 200 https://registry.npmjs.org/mute-stream/-/mute-stream-1.0.0.tgz 736ms (cache miss)
852 http fetch GET 200 https://registry.npmjs.org/@types/mute-stream/-/mute-stream-0.0.4.tgz 735ms (cache miss)
853 http fetch GET 200 https://registry.npmjs.org/chardet/-/chardet-0.7.0.tgz 757ms (cache miss)
854 http fetch GET 200 https://registry.npmjs.org/delayed-stream/-/delayed-stream-1.0.0.tgz 740ms (cache miss)
855 http fetch GET 200 https://registry.npmjs.org/color-convert/-/color-convert-2.0.1.tgz 731ms (cache miss)
856 http fetch GET 200 https://registry.npmjs.org/external-editor/-/external-editor-3.1.0.tgz 763ms (cache miss)
857 http fetch GET 200 https://registry.npmjs.org/@inquirer/rawlist/-/rawlist-2.2.4.tgz 754ms (cache miss)
858 http fetch GET 200 https://registry.npmjs.org/@inquirer/search/-/search-1.0.7.tgz 754ms (cache miss)
859 http fetch GET 200 https://registry.npmjs.org/mime-types/-/mime-types-2.1.35.tgz 747ms (cache miss)
860 http fetch GET 200 https://registry.npmjs.org/color-name/-/color-name-1.1.4.tgz 738ms (cache miss)
861 http fetch GET 200 https://registry.npmjs.org/follow-redirects/-/follow-redirects-1.15.6.tgz 737ms (cache miss)
862 http fetch GET 200 https://registry.npmjs.org/tslib/-/tslib-2.4.0.tgz 752ms (cache miss)
863 http fetch GET 200 https://registry.npmjs.org/proxy-from-env/-/proxy-from-env-1.1.0.tgz 744ms (cache miss)
864 http fetch GET 200 https://registry.npmjs.org/debug/-/debug-4.3.6.tgz 782ms (cache miss)
865 http fetch GET 200 https://registry.npmjs.org/ansi-styles/-/ansi-styles-4.3.0.tgz 749ms (cache miss)
866 http fetch GET 200 https://registry.npmjs.org/abort-controller/-/abort-controller-3.0.0.tgz 805ms (cache miss)
867 http fetch GET 200 https://registry.npmjs.org/@inquirer/input/-/input-2.2.9.tgz 771ms (cache miss)
868 http fetch GET 200 https://registry.npmjs.org/ansi-escapes/-/ansi-escapes-4.3.2.tgz 767ms (cache miss)
869 http fetch GET 200 https://registry.npmjs.org/buffer/-/buffer-5.7.1.tgz 753ms (cache miss)
870 http fetch GET 200 https://registry.npmjs.org/help-me/-/help-me-5.0.0.tgz 794ms (cache miss)
871 http fetch GET 200 https://registry.npmjs.org/supports-color/-/supports-color-7.2.0.tgz 760ms (cache miss)
872 http fetch GET 200 https://registry.npmjs.org/asynckit/-/asynckit-0.4.0.tgz 770ms (cache miss)
873 http fetch GET 200 https://registry.npmjs.org/form-data/-/form-data-4.0.0.tgz 761ms (cache miss)
874 http fetch GET 200 https://registry.npmjs.org/ora/-/ora-5.4.1.tgz 759ms (cache miss)
875 http fetch GET 200 https://registry.npmjs.org/chalk/-/chalk-4.1.2.tgz 756ms (cache miss)
876 http fetch GET 200 https://registry.npmjs.org/worker-timers/-/worker-timers-7.1.8.tgz 810ms (cache miss)
877 http fetch GET 200 https://registry.npmjs.org/safer-buffer/-/safer-buffer-2.1.2.tgz 796ms (cache miss)
878 http fetch GET 200 https://registry.npmjs.org/@inquirer/expand/-/expand-2.1.22.tgz 781ms (cache miss)
879 http fetch GET 200 https://registry.npmjs.org/bl/-/bl-4.1.0.tgz 763ms (cache miss)
880 http fetch GET 200 https://registry.npmjs.org/@inquirer/figures/-/figures-1.0.5.tgz 788ms (cache miss)
881 http fetch GET 200 https://registry.npmjs.org/@inquirer/number/-/number-1.0.10.tgz 786ms (cache miss)
882 http fetch GET 200 https://registry.npmjs.org/@inquirer/editor/-/editor-2.1.22.tgz 784ms (cache miss)
883 http fetch GET 200 https://registry.npmjs.org/mqtt-packet/-/mqtt-packet-9.0.0.tgz 807ms (cache miss)
884 http fetch GET 200 https://registry.npmjs.org/mime-db/-/mime-db-1.52.0.tgz 806ms (cache miss)
885 http fetch GET 200 https://registry.npmjs.org/node-machine-id/-/node-machine-id-1.1.12.tgz 772ms (cache miss)
886 http fetch GET 200 https://registry.npmjs.org/event-target-shim/-/event-target-shim-5.0.1.tgz 837ms (cache miss)
887 http fetch GET 200 https://registry.npmjs.org/signal-exit/-/signal-exit-4.1.0.tgz 832ms (cache miss)
888 http fetch GET 200 https://registry.npmjs.org/@inquirer/type/-/type-1.5.2.tgz 839ms (cache miss)
889 http fetch GET 200 https://registry.npmjs.org/type-fest/-/type-fest-0.21.3.tgz 887ms (cache miss)
890 http fetch GET 200 https://registry.npmjs.org/commander/-/commander-12.1.0.tgz 860ms (cache miss)
891 http fetch GET 200 https://registry.npmjs.org/inquirer/-/inquirer-10.1.8.tgz 864ms (cache miss)
892 http fetch GET 200 https://registry.npmjs.org/ws/-/ws-8.17.1.tgz 881ms (cache miss)
893 http fetch GET 200 https://registry.npmjs.org/readable-stream/-/readable-stream-3.6.2.tgz 908ms (cache miss)
894 http fetch GET 200 https://registry.npmjs.org/readable-stream/-/readable-stream-3.6.2.tgz 876ms (cache miss)
895 http fetch GET 200 https://registry.npmjs.org/iconv-lite/-/iconv-lite-0.4.24.tgz 911ms (cache miss)
896 http fetch GET 200 https://registry.npmjs.org/readable-stream/-/readable-stream-4.5.2.tgz 921ms (cache miss)
897 http fetch GET 200 https://registry.npmjs.org/@adraffy/ens-normalize/-/ens-normalize-1.10.1.tgz 909ms (cache miss)
898 http fetch GET 200 https://registry.npmjs.org/worker-timers-worker/-/worker-timers-worker-7.0.71.tgz 974ms (cache miss)
899 http fetch GET 200 https://registry.npmjs.org/fast-unique-numbers/-/fast-unique-numbers-8.0.13.tgz 981ms (cache miss)
900 http fetch GET 200 https://registry.npmjs.org/rivalz-node-cli/-/rivalz-node-cli-2.4.0.tgz 994ms (cache miss)
901 http fetch GET 200 https://registry.npmjs.org/systeminformation/-/systeminformation-5.23.5.tgz 942ms (cache miss)
902 http fetch GET 200 https://registry.npmjs.org/lru-cache/-/lru-cache-10.4.3.tgz 1007ms (cache miss)
903 http fetch GET 200 https://registry.npmjs.org/@inquirer/core/-/core-9.0.10.tgz 1050ms (cache miss)
904 http fetch GET 200 https://registry.npmjs.org/aes-js/-/aes-js-4.0.0-beta.5.tgz 1064ms (cache miss)
905 http fetch GET 200 https://registry.npmjs.org/@noble/hashes/-/hashes-1.3.2.tgz 1123ms (cache miss)
906 http fetch GET 200 https://registry.npmjs.org/@types/node/-/node-22.5.0.tgz 1135ms (cache miss)
907 http fetch GET 200 https://registry.npmjs.org/@babel/runtime/-/runtime-7.25.4.tgz 1190ms (cache miss)
908 http fetch GET 200 https://registry.npmjs.org/axios/-/axios-1.7.5.tgz 1136ms (cache miss)
909 http fetch GET 200 https://registry.npmjs.org/@noble/curves/-/curves-1.2.0.tgz 1171ms (cache miss)
910 http fetch GET 200 https://registry.npmjs.org/mqtt/-/mqtt-5.10.0.tgz 1170ms (cache miss)
911 http fetch GET 200 https://registry.npmjs.org/js-sdsl/-/js-sdsl-4.3.0.tgz 1229ms (cache miss)
912 http fetch GET 200 https://registry.npmjs.org/@types/node/-/node-18.15.13.tgz 1215ms (cache miss)
913 http fetch GET 200 https://registry.npmjs.org/ethers/-/ethers-6.13.2.tgz 1622ms (cache miss)
914 http fetch GET 200 https://registry.npmjs.org/rxjs/-/rxjs-7.8.1.tgz 1719ms (cache miss)
915 silly ADD node_modules/rivalz-node-cli
916 silly ADD node_modules/rivalz-node-cli/node_modules/util-deprecate
917 silly ADD node_modules/rivalz-node-cli/node_modules/undici-types
918 silly ADD node_modules/rivalz-node-cli/node_modules/is-fullwidth-code-point
919 silly ADD node_modules/rivalz-node-cli/node_modules/emoji-regex
920 silly ADD node_modules/rivalz-node-cli/node_modules/string-width
921 silly ADD node_modules/rivalz-node-cli/node_modules/fast-unique-numbers
922 silly ADD node_modules/rivalz-node-cli/node_modules/fast-unique-numbers/node_modules/tslib
923 silly ADD node_modules/rivalz-node-cli/node_modules/regenerator-runtime
924 silly ADD node_modules/rivalz-node-cli/node_modules/worker-timers-worker
925 silly ADD node_modules/rivalz-node-cli/node_modules/worker-timers-worker/node_modules/tslib
926 silly ADD node_modules/rivalz-node-cli/node_modules/worker-timers-broker
927 silly ADD node_modules/rivalz-node-cli/node_modules/worker-timers-broker/node_modules/tslib
928 silly ADD node_modules/rivalz-node-cli/node_modules/@babel/runtime
929 silly ADD node_modules/rivalz-node-cli/node_modules/clone
930 silly ADD node_modules/rivalz-node-cli/node_modules/defaults
931 silly ADD node_modules/rivalz-node-cli/node_modules/os-tmpdir
932 silly ADD node_modules/rivalz-node-cli/node_modules/has-flag
933 silly ADD node_modules/rivalz-node-cli/node_modules/ansi-regex
934 silly ADD node_modules/rivalz-node-cli/node_modules/mimic-fn
935 silly ADD node_modules/rivalz-node-cli/node_modules/onetime
936 silly ADD node_modules/rivalz-node-cli/node_modules/event-target-shim
937 silly ADD node_modules/rivalz-node-cli/node_modules/string_decoder
938 silly ADD node_modules/rivalz-node-cli/node_modules/string_decoder/node_modules/safe-buffer
939 silly ADD node_modules/rivalz-node-cli/node_modules/process
940 silly ADD node_modules/rivalz-node-cli/node_modules/events
941 silly ADD node_modules/rivalz-node-cli/node_modules/abort-controller
942 silly ADD node_modules/rivalz-node-cli/node_modules/restore-cursor
943 silly ADD node_modules/rivalz-node-cli/node_modules/restore-cursor/node_modules/signal-exit
944 silly ADD node_modules/rivalz-node-cli/node_modules/wcwidth
945 silly ADD node_modules/rivalz-node-cli/node_modules/log-symbols
946 silly ADD node_modules/rivalz-node-cli/node_modules/is-unicode-supported
947 silly ADD node_modules/rivalz-node-cli/node_modules/is-interactive
948 silly ADD node_modules/rivalz-node-cli/node_modules/cli-cursor
949 silly ADD node_modules/rivalz-node-cli/node_modules/js-sdsl
950 silly ADD node_modules/rivalz-node-cli/node_modules/ieee754
951 silly ADD node_modules/rivalz-node-cli/node_modules/base64-js
952 silly ADD node_modules/rivalz-node-cli/node_modules/buffer
953 silly ADD node_modules/rivalz-node-cli/node_modules/process-nextick-args
954 silly ADD node_modules/rivalz-node-cli/node_modules/bl
955 silly ADD node_modules/rivalz-node-cli/node_modules/ms
956 silly ADD node_modules/rivalz-node-cli/node_modules/typedarray
957 silly ADD node_modules/rivalz-node-cli/node_modules/inherits
958 silly ADD node_modules/rivalz-node-cli/node_modules/buffer-from
959 silly ADD node_modules/rivalz-node-cli/node_modules/safe-buffer
960 silly ADD node_modules/rivalz-node-cli/node_modules/worker-timers
961 silly ADD node_modules/rivalz-node-cli/node_modules/worker-timers/node_modules/tslib
962 silly ADD node_modules/rivalz-node-cli/node_modules/split2
963 silly ADD node_modules/rivalz-node-cli/node_modules/rfdc
964 silly ADD node_modules/rivalz-node-cli/node_modules/reinterval
965 silly ADD node_modules/rivalz-node-cli/node_modules/readable-stream
966 silly ADD node_modules/rivalz-node-cli/node_modules/number-allocator
967 silly ADD node_modules/rivalz-node-cli/node_modules/mqtt-packet
968 silly ADD node_modules/rivalz-node-cli/node_modules/minimist
969 silly ADD node_modules/rivalz-node-cli/node_modules/lru-cache
970 silly ADD node_modules/rivalz-node-cli/node_modules/help-me
971 silly ADD node_modules/rivalz-node-cli/node_modules/debug
972 silly ADD node_modules/rivalz-node-cli/node_modules/concat-stream
973 silly ADD node_modules/rivalz-node-cli/node_modules/concat-stream/node_modules/readable-stream
974 silly ADD node_modules/rivalz-node-cli/node_modules/commist
975 silly ADD node_modules/rivalz-node-cli/node_modules/@types/ws
976 silly ADD node_modules/rivalz-node-cli/node_modules/@types/readable-stream
977 silly ADD node_modules/rivalz-node-cli/node_modules/mime-db
978 silly ADD node_modules/rivalz-node-cli/node_modules/safer-buffer
979 silly ADD node_modules/rivalz-node-cli/node_modules/tmp
980 silly ADD node_modules/rivalz-node-cli/node_modules/iconv-lite
981 silly ADD node_modules/rivalz-node-cli/node_modules/chardet
982 silly ADD node_modules/rivalz-node-cli/node_modules/type-fest
983 silly ADD node_modules/rivalz-node-cli/node_modules/external-editor
984 silly ADD node_modules/rivalz-node-cli/node_modules/wrap-ansi
985 silly ADD node_modules/rivalz-node-cli/node_modules/strip-ansi
986 silly ADD node_modules/rivalz-node-cli/node_modules/signal-exit
987 silly ADD node_modules/rivalz-node-cli/node_modules/cli-width
988 silly ADD node_modules/rivalz-node-cli/node_modules/cli-spinners
989 silly ADD node_modules/rivalz-node-cli/node_modules/@types/wrap-ansi
990 silly ADD node_modules/rivalz-node-cli/node_modules/yoctocolors-cjs
991 silly ADD node_modules/rivalz-node-cli/node_modules/@inquirer/figures
992 silly ADD node_modules/rivalz-node-cli/node_modules/@inquirer/core
993 silly ADD node_modules/rivalz-node-cli/node_modules/@inquirer/core/node_modules/@types/node
994 silly ADD node_modules/rivalz-node-cli/node_modules/@inquirer/select
995 silly ADD node_modules/rivalz-node-cli/node_modules/@inquirer/search
996 silly ADD node_modules/rivalz-node-cli/node_modules/@inquirer/rawlist
997 silly ADD node_modules/rivalz-node-cli/node_modules/@inquirer/password
998 silly ADD node_modules/rivalz-node-cli/node_modules/@inquirer/number
999 silly ADD node_modules/rivalz-node-cli/node_modules/@inquirer/input
1000 silly ADD node_modules/rivalz-node-cli/node_modules/@inquirer/expand
1001 silly ADD node_modules/rivalz-node-cli/node_modules/@inquirer/editor
1002 silly ADD node_modules/rivalz-node-cli/node_modules/@inquirer/confirm
1003 silly ADD node_modules/rivalz-node-cli/node_modules/@inquirer/checkbox
1004 silly ADD node_modules/rivalz-node-cli/node_modules/rxjs
1005 silly ADD node_modules/rivalz-node-cli/node_modules/run-async
1006 silly ADD node_modules/rivalz-node-cli/node_modules/mute-stream
1007 silly ADD node_modules/rivalz-node-cli/node_modules/ansi-escapes
1008 silly ADD node_modules/rivalz-node-cli/node_modules/@types/mute-stream
1009 silly ADD node_modules/rivalz-node-cli/node_modules/@inquirer/type
1010 silly ADD node_modules/rivalz-node-cli/node_modules/@inquirer/prompts
1011 silly ADD node_modules/rivalz-node-cli/node_modules/delayed-stream
1012 silly ADD node_modules/rivalz-node-cli/node_modules/mime-types
1013 silly ADD node_modules/rivalz-node-cli/node_modules/combined-stream
1014 silly ADD node_modules/rivalz-node-cli/node_modules/asynckit
1015 silly ADD node_modules/rivalz-node-cli/node_modules/ws
1016 silly ADD node_modules/rivalz-node-cli/node_modules/tslib
1017 silly ADD node_modules/rivalz-node-cli/node_modules/aes-js
1018 silly ADD node_modules/rivalz-node-cli/node_modules/@types/node
1019 silly ADD node_modules/rivalz-node-cli/node_modules/@noble/hashes
1020 silly ADD node_modules/rivalz-node-cli/node_modules/@noble/curves
1021 silly ADD node_modules/rivalz-node-cli/node_modules/@adraffy/ens-normalize
1022 silly ADD node_modules/rivalz-node-cli/node_modules/color-name
1023 silly ADD node_modules/rivalz-node-cli/node_modules/color-convert
1024 silly ADD node_modules/rivalz-node-cli/node_modules/supports-color
1025 silly ADD node_modules/rivalz-node-cli/node_modules/ansi-styles
1026 silly ADD node_modules/rivalz-node-cli/node_modules/proxy-from-env
1027 silly ADD node_modules/rivalz-node-cli/node_modules/form-data
1028 silly ADD node_modules/rivalz-node-cli/node_modules/follow-redirects
1029 silly ADD node_modules/rivalz-node-cli/node_modules/systeminformation
1030 silly ADD node_modules/rivalz-node-cli/node_modules/ora
1031 silly ADD node_modules/rivalz-node-cli/node_modules/ora/node_modules/readable-stream
1032 silly ADD node_modules/rivalz-node-cli/node_modules/ora/node_modules/buffer
1033 silly ADD node_modules/rivalz-node-cli/node_modules/ora/node_modules/bl
1034 silly ADD node_modules/rivalz-node-cli/node_modules/node-machine-id
1035 silly ADD node_modules/rivalz-node-cli/node_modules/mqtt
1036 silly ADD node_modules/rivalz-node-cli/node_modules/inquirer
1037 silly ADD node_modules/rivalz-node-cli/node_modules/ethers
1038 silly ADD node_modules/rivalz-node-cli/node_modules/commander
1039 silly ADD node_modules/rivalz-node-cli/node_modules/chalk
1040 silly ADD node_modules/rivalz-node-cli/node_modules/axios
1041 verbose cwd /root
1042 verbose os Linux 6.5.0-1025-gcp
1043 verbose node v20.17.0
1044 verbose npm  v10.8.2
1045 verbose exit 0
1046 info ok
